This is pdfTeX, Version 3.14159265-2.6-1.40.21 (TeX Live 2020) (preloaded format=pdflatex 2021.3.1)  1 JUL 2022 15:36
entering extended mode
 restricted \write18 enabled.
 file:line:error style messages enabled.
 %&-line parsing enabled.
**/Users/jakob/Documents/mag/MSC/msc/main.tex
(/Users/jakob/Documents/mag/MSC/msc/main.tex
LaTeX2e <2020-02-02> patch level 5
L3 programming layer <2020-03-06> (/Users/jakob/Documents/mag/MSC/msc/MastersDoctoralThesis.cls
Document Class: MastersDoctoralThesis 2017/08/27 v1.6 LaTeXTemplates.com
(/usr/local/texlive/2020/texmf-dist/tex/latex/etoolbox/etoolbox.sty
Package: etoolbox 2019/09/21 v2.5h e-TeX tools for LaTeX (JAW)
\etb@tempcnta=\count167
) (/usr/local/texlive/2020/texmf-dist/tex/latex/l3packages/xparse/xparse.sty (/usr/local/texlive/2020/texmf-dist/tex/latex/l3kernel/expl3.sty
Package: expl3 2020-03-06 L3 programming layer (loader) 
 (/usr/local/texlive/2020/texmf-dist/tex/latex/l3backend/l3backend-pdfmode.def
File: l3backend-pdfmode.def 2020-03-12 L3 backend support: PDF mode
\l__kernel_color_stack_int=\count168
\l__pdf_internal_box=\box45
))
Package: xparse 2020-03-06 L3 Experimental document command parser
\l__xparse_current_arg_int=\count169
\g__xparse_grabber_int=\count170
\l__xparse_m_args_int=\count171
\l__xparse_v_nesting_int=\count172
) (/usr/local/texlive/2020/texmf-dist/tex/latex/base/book.cls
Document Class: book 2019/12/20 v1.4l Standard LaTeX document class
(/usr/local/texlive/2020/texmf-dist/tex/latex/base/bk11.clo
File: bk11.clo 2019/12/20 v1.4l Standard LaTeX file (size option)
)
\c@part=\count173
\c@chapter=\count174
\c@section=\count175
\c@subsection=\count176
\c@subsubsection=\count177
\c@paragraph=\count178
\c@subparagraph=\count179
\c@figure=\count180
\c@table=\count181
\abovecaptionskip=\skip47
\belowcaptionskip=\skip48
\bibindent=\dimen134
) (/usr/local/texlive/2020/texmf-dist/tex/generic/babel/babel.sty
Package: babel 2020/03/22 3.42 The Babel package
 (/usr/local/texlive/2020/texmf-dist/tex/generic/babel/switch.def
File: switch.def 2020/03/22 3.42 Babel switching mechanism
) (/usr/local/texlive/2020/texmf-dist/tex/generic/babel-english/english.ldf
Language: english 2017/06/06 v3.3r English support from the babel system
 (/usr/local/texlive/2020/texmf-dist/tex/generic/babel/babel.def
File: babel.def 2020/03/22 3.42 Babel common definitions
\babel@savecnt=\count182
\U@D=\dimen135
 (/usr/local/texlive/2020/texmf-dist/tex/generic/babel/txtbabel.def)
\bbl@readstream=\read2
\bbl@dirlevel=\count183
)
Package babel Info: \l@canadian = using hyphenrules for english
(babel)             (\language0) on input line 102.
Package babel Info: \l@australian = using hyphenrules for ukenglish
(babel)             (\language21) on input line 105.
Package babel Info: \l@newzealand = using hyphenrules for ukenglish
(babel)             (\language21) on input line 108.
)) (/usr/local/texlive/2020/texmf-dist/tex/latex/koma-script/scrbase.sty
Package: scrbase 2020/01/24 v3.29 KOMA-Script package (KOMA-Script-independent basics and keyval usage)
 (/usr/local/texlive/2020/texmf-dist/tex/latex/graphics/keyval.sty
Package: keyval 2014/10/28 v1.15 key=value parser (DPC)
\KV@toks@=\toks15
) (/usr/local/texlive/2020/texmf-dist/tex/latex/koma-script/scrlfile.sty
Package: scrlfile 2020/01/24 v3.29 KOMA-Script package (loading files)
)) (/usr/local/texlive/2020/texmf-dist/tex/latex/koma-script/scrhack.sty
Package: scrhack 2020/01/24 v3.29 KOMA-Script package (hacking other packages)
 (/usr/local/texlive/2020/texmf-dist/tex/latex/koma-script/scrkbase.sty
Package: scrkbase 2020/01/24 v3.29 KOMA-Script package (KOMA-Script-dependent basics and keyval usage)
) (/usr/local/texlive/2020/texmf-dist/tex/latex/xpatch/xpatch.sty
Package: xpatch 2020/03/25 v0.3a Extending etoolbox patching commands
)) (/usr/local/texlive/2020/texmf-dist/tex/latex/setspace/setspace.sty
Package: setspace 2011/12/19 v6.7a set line spacing
)
Package scrhack Info: loading setspace hack on input line 193.
 (/usr/local/texlive/2020/texmf-dist/tex/latex/koma-script/setspace.hak
File: setspace.hak 2020/01/24 v3.29 KOMA-Script scrhack part (hacking package setspace)
) (/usr/local/texlive/2020/texmf-dist/tex/latex/tools/longtable.sty
Package: longtable 2020/01/07 v4.13 Multi-page Table package (DPC)
\LTleft=\skip49
\LTright=\skip50
\LTpre=\skip51
\LTpost=\skip52
\LTchunksize=\count184
\LTcapwidth=\dimen136
\LT@head=\box46
\LT@firsthead=\box47
\LT@foot=\box48
\LT@lastfoot=\box49
\LT@cols=\count185
\LT@rows=\count186
\c@LT@tables=\count187
\c@LT@chunks=\count188
\LT@p@ftn=\toks16
) (/usr/local/texlive/2020/texmf-dist/tex/latex/siunitx/siunitx.sty
Package: siunitx 2020/02/25 v2.8b A comprehensive (SI) units package
 (/usr/local/texlive/2020/texmf-dist/tex/latex/amsmath/amstext.sty
Package: amstext 2000/06/29 v2.01 AMS text
 (/usr/local/texlive/2020/texmf-dist/tex/latex/amsmath/amsgen.sty
File: amsgen.sty 1999/11/30 v2.0 generic functions
\@emptytoks=\toks17
\ex@=\dimen137
)) (/usr/local/texlive/2020/texmf-dist/tex/latex/tools/array.sty
Package: array 2019/08/31 v2.4l Tabular extension package (FMi)
\col@sep=\dimen138
\ar@mcellbox=\box50
\extrarowheight=\dimen139
\NC@list=\toks18
\extratabsurround=\skip53
\backup@length=\skip54
\ar@cellbox=\box51
) (/usr/local/texlive/2020/texmf-dist/tex/latex/l3packages/l3keys2e/l3keys2e.sty
Package: l3keys2e 2020-03-06 LaTeX2e option processing using LaTeX3 keys
)
\l__siunitx_tmp_box=\box52
\l__siunitx_tmp_dim=\dimen140
\l__siunitx_tmp_int=\count189
\l__siunitx_number_mantissa_length_int=\count190
\l__siunitx_number_uncert_length_int=\count191
\l__siunitx_round_int=\count192
\l__siunitx_process_decimal_int=\count193
\l__siunitx_process_uncertainty_int=\count194
\l__siunitx_process_fixed_int=\count195
\l__siunitx_process_integer_min_int=\count196
\l__siunitx_process_precision_int=\count197
\l__siunitx_group_min_int=\count198
\l__siunitx_angle_marker_box=\box53
\l__siunitx_angle_unit_box=\box54
\l__siunitx_angle_marker_dim=\dimen141
\l__siunitx_angle_unit_dim=\dimen142
\l__siunitx_unit_int=\count199
\l__siunitx_unit_denominator_int=\count266
\l__siunitx_unit_numerator_int=\count267
\l__siunitx_unit_prefix_int=\count268
\l__siunitx_unit_prefix_base_int=\count269
\l__siunitx_unit_prefix_gram_int=\count270
\l__siunitx_number_product_int=\count271
\c__siunitx_one_fill_skip=\skip55
\l__siunitx_table_unit_align_skip=\skip56
\l__siunitx_table_exponent_dim=\dimen143
\l__siunitx_table_integer_dim=\dimen144
\l__siunitx_table_mantissa_dim=\dimen145
\l__siunitx_table_marker_dim=\dimen146
\l__siunitx_table_result_dim=\dimen147
\l__siunitx_table_uncert_dim=\dimen148
\l__siunitx_table_fill_pre_dim=\dimen149
\l__siunitx_table_fill_post_dim=\dimen150
\l__siunitx_table_fill_mid_dim=\dimen151
\l__siunitx_table_pre_box=\box55
\l__siunitx_table_post_box=\box56
\l__siunitx_table_mantissa_box=\box57
\l__siunitx_table_result_box=\box58
\l__siunitx_table_number_align_skip=\skip57
\l__siunitx_table_text_align_skip=\skip58
 (/usr/local/texlive/2020/texmf-dist/tex/latex/translator/translator.sty
Package: translator 2019-05-31 v1.12a Easy translation of strings in LaTeX
)) (/usr/local/texlive/2020/texmf-dist/tex/latex/graphics/graphicx.sty
Package: graphicx 2019/11/30 v1.2a Enhanced LaTeX Graphics (DPC,SPQR)
 (/usr/local/texlive/2020/texmf-dist/tex/latex/graphics/graphics.sty
Package: graphics 2019/11/30 v1.4a Standard LaTeX Graphics (DPC,SPQR)
 (/usr/local/texlive/2020/texmf-dist/tex/latex/graphics/trig.sty
Package: trig 2016/01/03 v1.10 sin cos tan (DPC)
) (/usr/local/texlive/2020/texmf-dist/tex/latex/graphics-cfg/graphics.cfg
File: graphics.cfg 2016/06/04 v1.11 sample graphics configuration
)
Package graphics Info: Driver file: pdftex.def on input line 105.
 (/usr/local/texlive/2020/texmf-dist/tex/latex/graphics-def/pdftex.def
File: pdftex.def 2018/01/08 v1.0l Graphics/color driver for pdftex
))
\Gin@req@height=\dimen152
\Gin@req@width=\dimen153
) (/usr/local/texlive/2020/texmf-dist/tex/latex/booktabs/booktabs.sty
Package: booktabs 2020/01/12 v1.61803398 Publication quality tables
\heavyrulewidth=\dimen154
\lightrulewidth=\dimen155
\cmidrulewidth=\dimen156
\belowrulesep=\dimen157
\belowbottomsep=\dimen158
\aboverulesep=\dimen159
\abovetopsep=\dimen160
\cmidrulesep=\dimen161
\cmidrulekern=\dimen162
\defaultaddspace=\dimen163
\@cmidla=\count272
\@cmidlb=\count273
\@aboverulesep=\dimen164
\@belowrulesep=\dimen165
\@thisruleclass=\count274
\@lastruleclass=\count275
\@thisrulewidth=\dimen166
) (/usr/local/texlive/2020/texmf-dist/tex/latex/caption/caption.sty
Package: caption 2020/01/03 v3.4h Customizing captions (AR)
 (/usr/local/texlive/2020/texmf-dist/tex/latex/caption/caption3.sty
Package: caption3 2020/01/03 v1.8h caption3 kernel (AR)
Package caption3 Info: TeX engine: e-TeX on input line 61.
\captionmargin=\dimen167
\captionmargin@=\dimen168
\captionwidth=\dimen169
\caption@tempdima=\dimen170
\caption@indent=\dimen171
\caption@parindent=\dimen172
\caption@hangindent=\dimen173
Package caption Info: Standard document class detected.
)
\c@caption@flags=\count276
\c@continuedfloat=\count277
Package caption Info: longtable package is loaded.
 (/usr/local/texlive/2020/texmf-dist/tex/latex/caption/ltcaption.sty
Package: ltcaption 2018/08/26 v1.4a longtable captions (AR)
)) (/usr/local/texlive/2020/texmf-dist/tex/latex/xcolor/xcolor.sty
Package: xcolor 2016/05/11 v2.12 LaTeX color extensions (UK)
 (/usr/local/texlive/2020/texmf-dist/tex/latex/graphics-cfg/color.cfg
File: color.cfg 2016/01/02 v1.6 sample color configuration
)
Package xcolor Info: Driver file: pdftex.def on input line 225.
Package xcolor Info: Model `cmy' substituted by `cmy0' on input line 1348.
Package xcolor Info: Model `hsb' substituted by `rgb' on input line 1352.
Package xcolor Info: Model `RGB' extended on input line 1364.
Package xcolor Info: Model `HTML' substituted by `rgb' on input line 1366.
Package xcolor Info: Model `Hsb' substituted by `hsb' on input line 1367.
Package xcolor Info: Model `tHsb' substituted by `hsb' on input line 1368.
Package xcolor Info: Model `HSB' substituted by `hsb' on input line 1369.
Package xcolor Info: Model `Gray' substituted by `gray' on input line 1370.
Package xcolor Info: Model `wave' substituted by `hsb' on input line 1371.
) (/usr/local/texlive/2020/texmf-dist/tex/latex/geometry/geometry.sty
Package: geometry 2020/01/02 v5.9 Page Geometry
 (/usr/local/texlive/2020/texmf-dist/tex/generic/iftex/ifvtex.sty
Package: ifvtex 2019/10/25 v1.7 ifvtex legacy package. Use iftex instead.
 (/usr/local/texlive/2020/texmf-dist/tex/generic/iftex/iftex.sty
Package: iftex 2020/03/06 v1.0d TeX engine tests
))
\Gm@cnth=\count278
\Gm@cntv=\count279
\c@Gm@tempcnt=\count280
\Gm@bindingoffset=\dimen174
\Gm@wd@mp=\dimen175
\Gm@odd@mp=\dimen176
\Gm@even@mp=\dimen177
\Gm@layoutwidth=\dimen178
\Gm@layoutheight=\dimen179
\Gm@layouthoffset=\dimen180
\Gm@layoutvoffset=\dimen181
\Gm@dimlist=\toks19
) (/usr/local/texlive/2020/texmf-dist/tex/latex/koma-script/scrlayer-scrpage.sty
Package: scrlayer-scrpage 2020/01/24 v3.29 KOMA-Script package (end user interface for scrlayer)
 (/usr/local/texlive/2020/texmf-dist/tex/latex/koma-script/scrlayer.sty
Package: scrlayer 2020/01/24 v3.29 KOMA-Script package (defining layers and page styles)
\footheight=\skip59
Package scrlayer Info: patching LaTeX kernel macro \pagestyle on input line 2106.
)
Package scrbase Info: Unknown processing state.
(scrbase)             Processing option `markcase=used'
(scrbase)             of member `.scrlayer-scrpage.sty' of family
(scrbase)             `KOMA' doesn't set
(scrbase)             a valid state. This will be interpreted
(scrbase)             as \FamilyKeyStateProcessed on input line 724.
)
Package scrlayer-scrpage Info: auto-selection of `pagestyleset=standard'.

1: chapter
1: chapter
1: section
) (/usr/local/texlive/2020/texmf-dist/tex/latex/base/inputenc.sty
Package: inputenc 2018/08/11 v1.3c Input encoding file
\inpenc@prehook=\toks20
\inpenc@posthook=\toks21
) (/usr/local/texlive/2020/texmf-dist/tex/latex/base/fontenc.sty
Package: fontenc 2020/02/11 v2.0o Standard LaTeX package
) (/usr/local/texlive/2020/texmf-dist/tex/latex/psnfss/mathpazo.sty
Package: mathpazo 2005/04/12 PSNFSS-v9.2a Palatino w/ Pazo Math (D.Puga, WaS) 
\symupright=\mathgroup4
) (/usr/local/texlive/2020/texmf-dist/tex/latex/outlines/outlines.sty
Package: outlines 2012/1/23 1.1 Ch. Pecheur
 (/usr/local/texlive/2020/texmf-dist/tex/latex/base/ifthen.sty
Package: ifthen 2014/09/29 v1.1c Standard LaTeX ifthen package (DPC)
)) (/usr/local/texlive/2020/texmf-dist/tex/latex/biblatex/biblatex.sty
Package: biblatex 2019/12/01 v3.14 programmable bibliographies (PK/MW)
 (/usr/local/texlive/2020/texmf-dist/tex/latex/pdftexcmds/pdftexcmds.sty
Package: pdftexcmds 2019/11/24 v0.31 Utility functions of pdfTeX for LuaTeX (HO)
 (/usr/local/texlive/2020/texmf-dist/tex/generic/infwarerr/infwarerr.sty
Package: infwarerr 2019/12/03 v1.5 Providing info/warning/error messages (HO)
) (/usr/local/texlive/2020/texmf-dist/tex/generic/ltxcmds/ltxcmds.sty
Package: ltxcmds 2019/12/15 v1.24 LaTeX kernel commands for general use (HO)
)
Package pdftexcmds Info: \pdf@primitive is available.
Package pdftexcmds Info: \pdf@ifprimitive is available.
Package pdftexcmds Info: \pdfdraftmode found.
) (/usr/local/texlive/2020/texmf-dist/tex/latex/kvoptions/kvoptions.sty
Package: kvoptions 2019/11/29 v3.13 Key value format for package options (HO)
 (/usr/local/texlive/2020/texmf-dist/tex/generic/kvsetkeys/kvsetkeys.sty
Package: kvsetkeys 2019/12/15 v1.18 Key value parser (HO)
)) (/usr/local/texlive/2020/texmf-dist/tex/latex/logreq/logreq.sty
Package: logreq 2010/08/04 v1.0 xml request logger
\lrq@indent=\count281
 (/usr/local/texlive/2020/texmf-dist/tex/latex/logreq/logreq.def
File: logreq.def 2010/08/04 v1.0 logreq spec v1.0
)) (/usr/local/texlive/2020/texmf-dist/tex/latex/url/url.sty
\Urlmuskip=\muskip16
Package: url 2013/09/16  ver 3.4  Verb mode for urls, etc.
)
\c@tabx@nest=\count282
\c@listtotal=\count283
\c@listcount=\count284
\c@liststart=\count285
\c@liststop=\count286
\c@citecount=\count287
\c@citetotal=\count288
\c@multicitecount=\count289
\c@multicitetotal=\count290
\c@instcount=\count291
\c@maxnames=\count292
\c@minnames=\count293
\c@maxitems=\count294
\c@minitems=\count295
\c@citecounter=\count296
\c@maxcitecounter=\count297
\c@savedcitecounter=\count298
\c@uniquelist=\count299
\c@uniquename=\count300
\c@refsection=\count301
\c@refsegment=\count302
\c@maxextratitle=\count303
\c@maxextratitleyear=\count304
\c@maxextraname=\count305
\c@maxextradate=\count306
\c@maxextraalpha=\count307
\c@abbrvpenalty=\count308
\c@highnamepenalty=\count309
\c@lownamepenalty=\count310
\c@maxparens=\count311
\c@parenlevel=\count312
\blx@tempcnta=\count313
\blx@tempcntb=\count314
\blx@tempcntc=\count315
\blx@maxsection=\count316
\blx@maxsegment@0=\count317
\blx@notetype=\count318
\blx@parenlevel@text=\count319
\blx@parenlevel@foot=\count320
\blx@sectionciteorder@0=\count321
\blx@entrysetcounter=\count322
\labelnumberwidth=\skip60
\labelalphawidth=\skip61
\biblabelsep=\skip62
\bibitemsep=\skip63
\bibnamesep=\skip64
\bibinitsep=\skip65
\bibparsep=\skip66
\bibhang=\skip67
\blx@bcfin=\read3
\blx@bcfout=\write3
\blx@langwohyphens=\language86
\c@mincomprange=\count323
\c@maxcomprange=\count324
\c@mincompwidth=\count325
Package biblatex Info: Trying to load biblatex default data model...
Package biblatex Info: ... file 'blx-dm.def' found.
 (/usr/local/texlive/2020/texmf-dist/tex/latex/biblatex/blx-dm.def
File: blx-dm.def 2019/12/01 v3.14 biblatex localization (PK/MW)
)
Package biblatex Info: Trying to load biblatex style data model...
Package biblatex Info: ... file 'authoryear.dbx' not found.
Package biblatex Info: Trying to load biblatex custom data model...
Package biblatex Info: ... file 'biblatex-dm.cfg' not found.
\c@afterword=\count326
\c@savedafterword=\count327
\c@annotator=\count328
\c@savedannotator=\count329
\c@author=\count330
\c@savedauthor=\count331
\c@bookauthor=\count332
\c@savedbookauthor=\count333
\c@commentator=\count334
\c@savedcommentator=\count335
\c@editor=\count336
\c@savededitor=\count337
\c@editora=\count338
\c@savededitora=\count339
\c@editorb=\count340
\c@savededitorb=\count341
\c@editorc=\count342
\c@savededitorc=\count343
\c@foreword=\count344
\c@savedforeword=\count345
\c@holder=\count346
\c@savedholder=\count347
\c@introduction=\count348
\c@savedintroduction=\count349
\c@namea=\count350
\c@savednamea=\count351
\c@nameb=\count352
\c@savednameb=\count353
\c@namec=\count354
\c@savednamec=\count355
\c@translator=\count356
\c@savedtranslator=\count357
\c@shortauthor=\count358
\c@savedshortauthor=\count359
\c@shorteditor=\count360
\c@savedshorteditor=\count361
\c@labelname=\count362
\c@savedlabelname=\count363
\c@institution=\count364
\c@savedinstitution=\count365
\c@lista=\count366
\c@savedlista=\count367
\c@listb=\count368
\c@savedlistb=\count369
\c@listc=\count370
\c@savedlistc=\count371
\c@listd=\count372
\c@savedlistd=\count373
\c@liste=\count374
\c@savedliste=\count375
\c@listf=\count376
\c@savedlistf=\count377
\c@location=\count378
\c@savedlocation=\count379
\c@organization=\count380
\c@savedorganization=\count381
\c@origlocation=\count382
\c@savedoriglocation=\count383
\c@origpublisher=\count384
\c@savedorigpublisher=\count385
\c@publisher=\count386
\c@savedpublisher=\count387
\c@language=\count388
\c@savedlanguage=\count389
\c@origlanguage=\count390
\c@savedoriglanguage=\count391
\c@pageref=\count392
\c@savedpageref=\count393
\shorthandwidth=\skip68
\shortjournalwidth=\skip69
\shortserieswidth=\skip70
\shorttitlewidth=\skip71
\shortauthorwidth=\skip72
\shorteditorwidth=\skip73
\locallabelnumberwidth=\skip74
\locallabelalphawidth=\skip75
\localshorthandwidth=\skip76
\localshortjournalwidth=\skip77
\localshortserieswidth=\skip78
\localshorttitlewidth=\skip79
\localshortauthorwidth=\skip80
\localshorteditorwidth=\skip81
Package biblatex Info: Trying to load compatibility code...
Package biblatex Info: ... file 'blx-compat.def' found.
 (/usr/local/texlive/2020/texmf-dist/tex/latex/biblatex/blx-compat.def
File: blx-compat.def 2019/12/01 v3.14 biblatex compatibility (PK/MW)
)
Package biblatex Info: Trying to load generic definitions...
Package biblatex Info: ... file 'biblatex.def' found.
 (/usr/local/texlive/2020/texmf-dist/tex/latex/biblatex/biblatex.def
File: biblatex.def 2019/12/01 v3.14 biblatex compatibility (PK/MW)
\c@textcitecount=\count394
\c@textcitetotal=\count395
\c@textcitemaxnames=\count396
\c@biburlbigbreakpenalty=\count397
\c@biburlbreakpenalty=\count398
\c@biburlnumpenalty=\count399
\c@biburlucpenalty=\count400
\c@biburllcpenalty=\count401
\biburlbigskip=\muskip17
\biburlnumskip=\muskip18
\biburlucskip=\muskip19
\biburllcskip=\muskip20
\c@smartand=\count402
)
Package biblatex Info: Trying to load natbib compatibility...
Package biblatex Info: ... file 'blx-natbib.def' found.
 (/usr/local/texlive/2020/texmf-dist/tex/latex/biblatex/blx-natbib.def
File: blx-natbib.def 2019/12/01 v3.14 biblatex compatibility (PK/MW)
Package biblatex Info: Delimiter 'nameyeardelim' in context '' already defined, overwriting.
)
Package biblatex Info: Trying to load bibliography style 'authoryear'...
Package biblatex Info: ... file 'authoryear.bbx' found.
 (/usr/local/texlive/2020/texmf-dist/tex/latex/biblatex/bbx/authoryear.bbx
File: authoryear.bbx 2019/12/01 v3.14 biblatex bibliography style (PK/MW)
Package biblatex Info: Trying to load bibliography style 'standard'...
Package biblatex Info: ... file 'standard.bbx' found.
 (/usr/local/texlive/2020/texmf-dist/tex/latex/biblatex/bbx/standard.bbx
File: standard.bbx 2019/12/01 v3.14 biblatex bibliography style (PK/MW)
\c@bbx:relatedcount=\count403
\c@bbx:relatedtotal=\count404
))
Package biblatex Info: Trying to load citation style 'authoryear'...
Package biblatex Info: ... file 'authoryear.cbx' found.
 (/usr/local/texlive/2020/texmf-dist/tex/latex/biblatex/cbx/authoryear.cbx
File: authoryear.cbx 2019/12/01 v3.14 biblatex citation style (PK/MW)
Package biblatex Info: Redefining '\cite'.
Package biblatex Info: Redefining '\parencite'.
Package biblatex Info: Redefining '\footcite'.
Package biblatex Info: Redefining '\footcitetext'.
Package biblatex Info: Redefining '\smartcite'.
Package biblatex Info: Redefining '\textcite'.
Package biblatex Info: Redefining '\textcites'.
)
Package biblatex Info: Trying to load configuration file...
Package biblatex Info: ... file 'biblatex.cfg' found.
 (/usr/local/texlive/2020/texmf-dist/tex/latex/biblatex/biblatex.cfg
File: biblatex.cfg 
)) (/usr/local/texlive/2020/texmf-dist/tex/latex/float/float.sty
Package: float 2001/11/08 v1.3d Float enhancements (AL)
\c@float@type=\count405
\float@exts=\toks22
\float@box=\box59
\@float@everytoks=\toks23
\@floatcapt=\box60
)
Package scrhack Info: loading float hack on input line 69.
 (/usr/local/texlive/2020/texmf-dist/tex/latex/koma-script/float.hak
File: float.hak 2020/01/24 v3.29 KOMA-Script scrhack part (hacking package float)
 (/usr/local/texlive/2020/texmf-dist/tex/latex/koma-script/tocbasic.sty
Package: tocbasic 2020/01/24 v3.29 KOMA-Script package (handling toc-files)
\scr@dte@tocline@numberwidth=\skip82
\scr@dte@tocline@numbox=\box61
)
Package scrhack Info: redefining \newfloat on input line 163.
Package scrhack Info: redefining \listof on input line 163.
Package scrhack Info: undefining \float@addtolists on input line 163.
) (/usr/local/texlive/2020/texmf-dist/tex/latex/csquotes/csquotes.sty
Package: csquotes 2019-12-06 v5.2j context-sensitive quotations (JAW)
\csq@reset=\count406
\csq@gtype=\count407
\csq@glevel=\count408
\csq@qlevel=\count409
\csq@maxlvl=\count410
\csq@tshold=\count411
\csq@ltx@everypar=\toks24
 (/usr/local/texlive/2020/texmf-dist/tex/latex/csquotes/csquotes.def
File: csquotes.def 2019-12-06 v5.2j csquotes generic definitions (JAW)
)
Package csquotes Info: Trying to load configuration file 'csquotes.cfg'...
Package csquotes Info: ... configuration file loaded successfully.
 (/usr/local/texlive/2020/texmf-dist/tex/latex/csquotes/csquotes.cfg
File: csquotes.cfg 
)
Package csquotes Info: Enabling multilingual quotes.
) (/usr/local/texlive/2020/texmf-dist/tex/latex/amsfonts/amssymb.sty
Package: amssymb 2013/01/14 v3.01 AMS font symbols
 (/usr/local/texlive/2020/texmf-dist/tex/latex/amsfonts/amsfonts.sty
Package: amsfonts 2013/01/14 v3.01 Basic AMSFonts support
\symAMSa=\mathgroup5
\symAMSb=\mathgroup6
LaTeX Font Info:    Redeclaring math symbol \hbar on input line 98.
LaTeX Font Info:    Overwriting math alphabet `\mathfrak' in version `bold'
(Font)                  U/euf/m/n --> U/euf/b/n on input line 106.
)) (/usr/local/texlive/2020/texmf-dist/tex/latex/multirow/multirow.sty
Package: multirow 2019/05/31 v2.5 Span multiple rows of a table
\multirow@colwidth=\skip83
\multirow@cntb=\count412
\multirow@dima=\skip84
\bigstrutjot=\dimen182
) (/usr/local/texlive/2020/texmf-dist/tex/latex/adjustbox/adjustbox.sty
Package: adjustbox 2019/01/04 v1.2 Adjusting TeX boxes (trim, clip, ...)
 (/usr/local/texlive/2020/texmf-dist/tex/latex/xkeyval/xkeyval.sty
Package: xkeyval 2014/12/03 v2.7a package option processing (HA)
 (/usr/local/texlive/2020/texmf-dist/tex/generic/xkeyval/xkeyval.tex (/usr/local/texlive/2020/texmf-dist/tex/generic/xkeyval/xkvutils.tex
\XKV@toks=\toks25
\XKV@tempa@toks=\toks26
)
\XKV@depth=\count413
File: xkeyval.tex 2014/12/03 v2.7a key=value parser (HA)
)) (/usr/local/texlive/2020/texmf-dist/tex/latex/adjustbox/adjcalc.sty
Package: adjcalc 2012/05/16 v1.1 Provides advanced setlength with multiple back-ends (calc, etex, pgfmath)
) (/usr/local/texlive/2020/texmf-dist/tex/latex/adjustbox/trimclip.sty
Package: trimclip 2018/04/08 v1.1 Trim and clip general TeX material
 (/usr/local/texlive/2020/texmf-dist/tex/latex/collectbox/collectbox.sty
Package: collectbox 2012/05/17 v0.4b Collect macro arguments as boxes
\collectedbox=\box62
)
\tc@llx=\dimen183
\tc@lly=\dimen184
\tc@urx=\dimen185
\tc@ury=\dimen186
Package trimclip Info: Using driver 'tc-pdftex.def'.
 (/usr/local/texlive/2020/texmf-dist/tex/latex/adjustbox/tc-pdftex.def
File: tc-pdftex.def 2019/01/04 v2.2 Clipping driver for pdftex
))
\adjbox@Width=\dimen187
\adjbox@Height=\dimen188
\adjbox@Depth=\dimen189
\adjbox@Totalheight=\dimen190
\adjbox@pwidth=\dimen191
\adjbox@pheight=\dimen192
\adjbox@pdepth=\dimen193
\adjbox@ptotalheight=\dimen194
 (/usr/local/texlive/2020/texmf-dist/tex/latex/ifoddpage/ifoddpage.sty
Package: ifoddpage 2016/04/23 v1.1 Conditionals for odd/even page detection
\c@checkoddpage=\count414
) (/usr/local/texlive/2020/texmf-dist/tex/latex/varwidth/varwidth.sty
Package: varwidth 2009/03/30 ver 0.92;  Variable-width minipages
\@vwid@box=\box63
\sift@deathcycles=\count415
\@vwid@loff=\dimen195
\@vwid@roff=\dimen196
)) (/usr/local/texlive/2020/texmf-dist/tex/latex/tools/tabularx.sty
Package: tabularx 2020/01/15 v2.11c `tabularx' package (DPC)
\TX@col@width=\dimen197
\TX@old@table=\dimen198
\TX@old@col=\dimen199
\TX@target=\dimen256
\TX@delta=\dimen257
\TX@cols=\count416
\TX@ftn=\toks27
) (/usr/local/texlive/2020/texmf-dist/tex/latex/caption/subcaption.sty
Package: subcaption 2020/01/22 v1.3d Sub-captions (AR)
\c@subfigure=\count417
\c@subtable=\count418
) (/usr/local/texlive/2020/texmf-dist/tex/latex/pgf/frontendlayer/tikz.sty (/usr/local/texlive/2020/texmf-dist/tex/latex/pgf/basiclayer/pgf.sty (/usr/local/texlive/2020/texmf-dist/tex/latex/pgf/utilities/pgfrcs.sty (/usr/local/texlive/2020/texmf-dist/tex/generic/pgf/utilities/pgfutil-common.tex
\pgfutil@everybye=\toks28
\pgfutil@tempdima=\dimen258
\pgfutil@tempdimb=\dimen259
 (/usr/local/texlive/2020/texmf-dist/tex/generic/pgf/utilities/pgfutil-common-lists.tex)) (/usr/local/texlive/2020/texmf-dist/tex/generic/pgf/utilities/pgfutil-latex.def
\pgfutil@abb=\box64
 (/usr/local/texlive/2020/texmf-dist/tex/latex/ms/everyshi.sty
Package: everyshi 2001/05/15 v3.00 EveryShipout Package (MS)
)) (/usr/local/texlive/2020/texmf-dist/tex/generic/pgf/utilities/pgfrcs.code.tex (/usr/local/texlive/2020/texmf-dist/tex/generic/pgf/pgf.revision.tex)
Package: pgfrcs 2020/01/08 v3.1.5b (3.1.5b)
))
Package: pgf 2020/01/08 v3.1.5b (3.1.5b)
 (/usr/local/texlive/2020/texmf-dist/tex/latex/pgf/basiclayer/pgfcore.sty (/usr/local/texlive/2020/texmf-dist/tex/latex/pgf/systemlayer/pgfsys.sty (/usr/local/texlive/2020/texmf-dist/tex/generic/pgf/systemlayer/pgfsys.code.tex
Package: pgfsys 2020/01/08 v3.1.5b (3.1.5b)
 (/usr/local/texlive/2020/texmf-dist/tex/generic/pgf/utilities/pgfkeys.code.tex
\pgfkeys@pathtoks=\toks29
\pgfkeys@temptoks=\toks30
 (/usr/local/texlive/2020/texmf-dist/tex/generic/pgf/utilities/pgfkeysfiltered.code.tex
\pgfkeys@tmptoks=\toks31
))
\pgf@x=\dimen260
\pgf@y=\dimen261
\pgf@xa=\dimen262
\pgf@ya=\dimen263
\pgf@xb=\dimen264
\pgf@yb=\dimen265
\pgf@xc=\dimen266
\pgf@yc=\dimen267
\pgf@xd=\dimen268
\pgf@yd=\dimen269
\w@pgf@writea=\write4
\r@pgf@reada=\read4
\c@pgf@counta=\count419
\c@pgf@countb=\count420
\c@pgf@countc=\count421
\c@pgf@countd=\count422
\t@pgf@toka=\toks32
\t@pgf@tokb=\toks33
\t@pgf@tokc=\toks34
\pgf@sys@id@count=\count423
 (/usr/local/texlive/2020/texmf-dist/tex/generic/pgf/systemlayer/pgf.cfg
File: pgf.cfg 2020/01/08 v3.1.5b (3.1.5b)
)
Driver file for pgf: pgfsys-pdftex.def
 (/usr/local/texlive/2020/texmf-dist/tex/generic/pgf/systemlayer/pgfsys-pdftex.def
File: pgfsys-pdftex.def 2020/01/08 v3.1.5b (3.1.5b)
 (/usr/local/texlive/2020/texmf-dist/tex/generic/pgf/systemlayer/pgfsys-common-pdf.def
File: pgfsys-common-pdf.def 2020/01/08 v3.1.5b (3.1.5b)
))) (/usr/local/texlive/2020/texmf-dist/tex/generic/pgf/systemlayer/pgfsyssoftpath.code.tex
File: pgfsyssoftpath.code.tex 2020/01/08 v3.1.5b (3.1.5b)
\pgfsyssoftpath@smallbuffer@items=\count424
\pgfsyssoftpath@bigbuffer@items=\count425
) (/usr/local/texlive/2020/texmf-dist/tex/generic/pgf/systemlayer/pgfsysprotocol.code.tex
File: pgfsysprotocol.code.tex 2020/01/08 v3.1.5b (3.1.5b)
)) (/usr/local/texlive/2020/texmf-dist/tex/generic/pgf/basiclayer/pgfcore.code.tex
Package: pgfcore 2020/01/08 v3.1.5b (3.1.5b)
 (/usr/local/texlive/2020/texmf-dist/tex/generic/pgf/math/pgfmath.code.tex (/usr/local/texlive/2020/texmf-dist/tex/generic/pgf/math/pgfmathcalc.code.tex (/usr/local/texlive/2020/texmf-dist/tex/generic/pgf/math/pgfmathutil.code.tex) (/usr/local/texlive/2020/texmf-dist/tex/generic/pgf/math/pgfmathparser.code.tex
\pgfmath@dimen=\dimen270
\pgfmath@count=\count426
\pgfmath@box=\box65
\pgfmath@toks=\toks35
\pgfmath@stack@operand=\toks36
\pgfmath@stack@operation=\toks37
) (/usr/local/texlive/2020/texmf-dist/tex/generic/pgf/math/pgfmathfunctions.code.tex (/usr/local/texlive/2020/texmf-dist/tex/generic/pgf/math/pgfmathfunctions.basic.code.tex) (/usr/local/texlive/2020/texmf-dist/tex/generic/pgf/math/pgfmathfunctions.trigonometric.code.tex) (/usr/local/texlive/2020/texmf-dist/tex/generic/pgf/math/pgfmathfunctions.random.code.tex) (/usr/local/texlive/2020/texmf-dist/tex/generic/pgf/math/pgfmathfunctions.comparison.code.tex) (/usr/local/texlive/2020/texmf-dist/tex/generic/pgf/math/pgfmathfunctions.base.code.tex) (/usr/local/texlive/2020/texmf-dist/tex/generic/pgf/math/pgfmathfunctions.round.code.tex) (/usr/local/texlive/2020/texmf-dist/tex/generic/pgf/math/pgfmathfunctions.misc.code.tex) (/usr/local/texlive/2020/texmf-dist/tex/generic/pgf/math/pgfmathfunctions.integerarithmetics.code.tex))) (/usr/local/texlive/2020/texmf-dist/tex/generic/pgf/math/pgfmathfloat.code.tex
\c@pgfmathroundto@lastzeros=\count427
)) (/usr/local/texlive/2020/texmf-dist/tex/generic/pgf/math/pgfint.code.tex) (/usr/local/texlive/2020/texmf-dist/tex/generic/pgf/basiclayer/pgfcorepoints.code.tex
File: pgfcorepoints.code.tex 2020/01/08 v3.1.5b (3.1.5b)
\pgf@picminx=\dimen271
\pgf@picmaxx=\dimen272
\pgf@picminy=\dimen273
\pgf@picmaxy=\dimen274
\pgf@pathminx=\dimen275
\pgf@pathmaxx=\dimen276
\pgf@pathminy=\dimen277
\pgf@pathmaxy=\dimen278
\pgf@xx=\dimen279
\pgf@xy=\dimen280
\pgf@yx=\dimen281
\pgf@yy=\dimen282
\pgf@zx=\dimen283
\pgf@zy=\dimen284
) (/usr/local/texlive/2020/texmf-dist/tex/generic/pgf/basiclayer/pgfcorepathconstruct.code.tex
File: pgfcorepathconstruct.code.tex 2020/01/08 v3.1.5b (3.1.5b)
\pgf@path@lastx=\dimen285
\pgf@path@lasty=\dimen286
) (/usr/local/texlive/2020/texmf-dist/tex/generic/pgf/basiclayer/pgfcorepathusage.code.tex
File: pgfcorepathusage.code.tex 2020/01/08 v3.1.5b (3.1.5b)
\pgf@shorten@end@additional=\dimen287
\pgf@shorten@start@additional=\dimen288
) (/usr/local/texlive/2020/texmf-dist/tex/generic/pgf/basiclayer/pgfcorescopes.code.tex
File: pgfcorescopes.code.tex 2020/01/08 v3.1.5b (3.1.5b)
\pgfpic=\box66
\pgf@hbox=\box67
\pgf@layerbox@main=\box68
\pgf@picture@serial@count=\count428
) (/usr/local/texlive/2020/texmf-dist/tex/generic/pgf/basiclayer/pgfcoregraphicstate.code.tex
File: pgfcoregraphicstate.code.tex 2020/01/08 v3.1.5b (3.1.5b)
\pgflinewidth=\dimen289
) (/usr/local/texlive/2020/texmf-dist/tex/generic/pgf/basiclayer/pgfcoretransformations.code.tex
File: pgfcoretransformations.code.tex 2020/01/08 v3.1.5b (3.1.5b)
\pgf@pt@x=\dimen290
\pgf@pt@y=\dimen291
\pgf@pt@temp=\dimen292
) (/usr/local/texlive/2020/texmf-dist/tex/generic/pgf/basiclayer/pgfcorequick.code.tex
File: pgfcorequick.code.tex 2020/01/08 v3.1.5b (3.1.5b)
) (/usr/local/texlive/2020/texmf-dist/tex/generic/pgf/basiclayer/pgfcoreobjects.code.tex
File: pgfcoreobjects.code.tex 2020/01/08 v3.1.5b (3.1.5b)
) (/usr/local/texlive/2020/texmf-dist/tex/generic/pgf/basiclayer/pgfcorepathprocessing.code.tex
File: pgfcorepathprocessing.code.tex 2020/01/08 v3.1.5b (3.1.5b)
) (/usr/local/texlive/2020/texmf-dist/tex/generic/pgf/basiclayer/pgfcorearrows.code.tex
File: pgfcorearrows.code.tex 2020/01/08 v3.1.5b (3.1.5b)
\pgfarrowsep=\dimen293
) (/usr/local/texlive/2020/texmf-dist/tex/generic/pgf/basiclayer/pgfcoreshade.code.tex
File: pgfcoreshade.code.tex 2020/01/08 v3.1.5b (3.1.5b)
\pgf@max=\dimen294
\pgf@sys@shading@range@num=\count429
\pgf@shadingcount=\count430
) (/usr/local/texlive/2020/texmf-dist/tex/generic/pgf/basiclayer/pgfcoreimage.code.tex
File: pgfcoreimage.code.tex 2020/01/08 v3.1.5b (3.1.5b)
 (/usr/local/texlive/2020/texmf-dist/tex/generic/pgf/basiclayer/pgfcoreexternal.code.tex
File: pgfcoreexternal.code.tex 2020/01/08 v3.1.5b (3.1.5b)
\pgfexternal@startupbox=\box69
)) (/usr/local/texlive/2020/texmf-dist/tex/generic/pgf/basiclayer/pgfcorelayers.code.tex
File: pgfcorelayers.code.tex 2020/01/08 v3.1.5b (3.1.5b)
) (/usr/local/texlive/2020/texmf-dist/tex/generic/pgf/basiclayer/pgfcoretransparency.code.tex
File: pgfcoretransparency.code.tex 2020/01/08 v3.1.5b (3.1.5b)
) (/usr/local/texlive/2020/texmf-dist/tex/generic/pgf/basiclayer/pgfcorepatterns.code.tex
File: pgfcorepatterns.code.tex 2020/01/08 v3.1.5b (3.1.5b)
) (/usr/local/texlive/2020/texmf-dist/tex/generic/pgf/basiclayer/pgfcorerdf.code.tex
File: pgfcorerdf.code.tex 2020/01/08 v3.1.5b (3.1.5b)
))) (/usr/local/texlive/2020/texmf-dist/tex/generic/pgf/modules/pgfmoduleshapes.code.tex
File: pgfmoduleshapes.code.tex 2020/01/08 v3.1.5b (3.1.5b)
\pgfnodeparttextbox=\box70
) (/usr/local/texlive/2020/texmf-dist/tex/generic/pgf/modules/pgfmoduleplot.code.tex
File: pgfmoduleplot.code.tex 2020/01/08 v3.1.5b (3.1.5b)
) (/usr/local/texlive/2020/texmf-dist/tex/latex/pgf/compatibility/pgfcomp-version-0-65.sty
Package: pgfcomp-version-0-65 2020/01/08 v3.1.5b (3.1.5b)
\pgf@nodesepstart=\dimen295
\pgf@nodesepend=\dimen296
) (/usr/local/texlive/2020/texmf-dist/tex/latex/pgf/compatibility/pgfcomp-version-1-18.sty
Package: pgfcomp-version-1-18 2020/01/08 v3.1.5b (3.1.5b)
)) (/usr/local/texlive/2020/texmf-dist/tex/latex/pgf/utilities/pgffor.sty (/usr/local/texlive/2020/texmf-dist/tex/latex/pgf/utilities/pgfkeys.sty (/usr/local/texlive/2020/texmf-dist/tex/generic/pgf/utilities/pgfkeys.code.tex)) (/usr/local/texlive/2020/texmf-dist/tex/latex/pgf/math/pgfmath.sty (/usr/local/texlive/2020/texmf-dist/tex/generic/pgf/math/pgfmath.code.tex)) (/usr/local/texlive/2020/texmf-dist/tex/generic/pgf/utilities/pgffor.code.tex
Package: pgffor 2020/01/08 v3.1.5b (3.1.5b)
 (/usr/local/texlive/2020/texmf-dist/tex/generic/pgf/math/pgfmath.code.tex)
\pgffor@iter=\dimen297
\pgffor@skip=\dimen298
\pgffor@stack=\toks38
\pgffor@toks=\toks39
)) (/usr/local/texlive/2020/texmf-dist/tex/generic/pgf/frontendlayer/tikz/tikz.code.tex
Package: tikz 2020/01/08 v3.1.5b (3.1.5b)
 (/usr/local/texlive/2020/texmf-dist/tex/generic/pgf/libraries/pgflibraryplothandlers.code.tex
File: pgflibraryplothandlers.code.tex 2020/01/08 v3.1.5b (3.1.5b)
\pgf@plot@mark@count=\count431
\pgfplotmarksize=\dimen299
)
\tikz@lastx=\dimen300
\tikz@lasty=\dimen301
\tikz@lastxsaved=\dimen302
\tikz@lastysaved=\dimen303
\tikz@lastmovetox=\dimen304
\tikz@lastmovetoy=\dimen305
\tikzleveldistance=\dimen306
\tikzsiblingdistance=\dimen307
\tikz@figbox=\box71
\tikz@figbox@bg=\box72
\tikz@tempbox=\box73
\tikz@tempbox@bg=\box74
\tikztreelevel=\count432
\tikznumberofchildren=\count433
\tikznumberofcurrentchild=\count434
\tikz@fig@count=\count435
 (/usr/local/texlive/2020/texmf-dist/tex/generic/pgf/modules/pgfmodulematrix.code.tex
File: pgfmodulematrix.code.tex 2020/01/08 v3.1.5b (3.1.5b)
\pgfmatrixcurrentrow=\count436
\pgfmatrixcurrentcolumn=\count437
\pgf@matrix@numberofcolumns=\count438
)
\tikz@expandcount=\count439
 (/usr/local/texlive/2020/texmf-dist/tex/generic/pgf/frontendlayer/tikz/libraries/tikzlibrarytopaths.code.tex
File: tikzlibrarytopaths.code.tex 2020/01/08 v3.1.5b (3.1.5b)
))) (/usr/local/texlive/2020/texmf-dist/tex/generic/pgf/frontendlayer/tikz/libraries/tikzlibrarycalc.code.tex
File: tikzlibrarycalc.code.tex 2020/01/08 v3.1.5b (3.1.5b)
) (/usr/local/texlive/2020/texmf-dist/tex/latex/hyperref/hyperref.sty
Package: hyperref 2020/01/14 v7.00d Hypertext links for LaTeX
 (/usr/local/texlive/2020/texmf-dist/tex/generic/kvdefinekeys/kvdefinekeys.sty
Package: kvdefinekeys 2019-12-19 v1.6 Define keys (HO)
) (/usr/local/texlive/2020/texmf-dist/tex/generic/pdfescape/pdfescape.sty
Package: pdfescape 2019/12/09 v1.15 Implements pdfTeX's escape features (HO)
) (/usr/local/texlive/2020/texmf-dist/tex/latex/hycolor/hycolor.sty
Package: hycolor 2020-01-27 v1.10 Color options for hyperref/bookmark (HO)
) (/usr/local/texlive/2020/texmf-dist/tex/latex/letltxmacro/letltxmacro.sty
Package: letltxmacro 2019/12/03 v1.6 Let assignment for LaTeX macros (HO)
) (/usr/local/texlive/2020/texmf-dist/tex/latex/auxhook/auxhook.sty
Package: auxhook 2019-12-17 v1.6 Hooks for auxiliary files (HO)
)
\@linkdim=\dimen308
\Hy@linkcounter=\count440
\Hy@pagecounter=\count441
 (/usr/local/texlive/2020/texmf-dist/tex/latex/hyperref/pd1enc.def
File: pd1enc.def 2020/01/14 v7.00d Hyperref: PDFDocEncoding definition (HO)
Now handling font encoding PD1 ...
... no UTF-8 mapping file for font encoding PD1
) (/usr/local/texlive/2020/texmf-dist/tex/generic/intcalc/intcalc.sty
Package: intcalc 2019/12/15 v1.3 Expandable calculations with integers (HO)
) (/usr/local/texlive/2020/texmf-dist/tex/generic/etexcmds/etexcmds.sty
Package: etexcmds 2019/12/15 v1.7 Avoid name clashes with e-TeX commands (HO)
)
\Hy@SavedSpaceFactor=\count442
Package hyperref Info: Hyper figures OFF on input line 4547.
Package hyperref Info: Link nesting OFF on input line 4552.
Package hyperref Info: Hyper index ON on input line 4555.
Package hyperref Info: Plain pages OFF on input line 4562.
Package hyperref Info: Backreferencing OFF on input line 4567.
Package hyperref Info: Implicit mode ON; LaTeX internals redefined.
Package hyperref Info: Bookmarks ON on input line 4800.
\c@Hy@tempcnt=\count443
LaTeX Info: Redefining \url on input line 5159.
\XeTeXLinkMargin=\dimen309
 (/usr/local/texlive/2020/texmf-dist/tex/generic/bitset/bitset.sty
Package: bitset 2019/12/09 v1.3 Handle bit-vector datatype (HO)
 (/usr/local/texlive/2020/texmf-dist/tex/generic/bigintcalc/bigintcalc.sty
Package: bigintcalc 2019/12/15 v1.5 Expandable calculations on big integers (HO)
))
\Fld@menulength=\count444
\Field@Width=\dimen310
\Fld@charsize=\dimen311
Package hyperref Info: Hyper figures OFF on input line 6430.
Package hyperref Info: Link nesting OFF on input line 6435.
Package hyperref Info: Hyper index ON on input line 6438.
Package hyperref Info: backreferencing OFF on input line 6445.
Package hyperref Info: Link coloring OFF on input line 6450.
Package hyperref Info: Link coloring with OCG OFF on input line 6455.
Package hyperref Info: PDF/A mode OFF on input line 6460.
LaTeX Info: Redefining \ref on input line 6500.
LaTeX Info: Redefining \pageref on input line 6504.
 (/usr/local/texlive/2020/texmf-dist/tex/generic/atbegshi/atbegshi.sty
Package: atbegshi 2019/12/05 v1.19 At begin shipout hook (HO)
)
\Hy@abspage=\count445
\c@Item=\count446
\c@Hfootnote=\count447
)
Package scrhack Info: hyperref hack deactivated because of
(scrhack)             detection of hyperref version, that doesn't
(scrhack)             need that hack, on input line 152.
Package hyperref Info: Driver (autodetected): hpdftex.
 (/usr/local/texlive/2020/texmf-dist/tex/latex/hyperref/hpdftex.def
File: hpdftex.def 2020/01/14 v7.00d Hyperref driver for pdfTeX
 (/usr/local/texlive/2020/texmf-dist/tex/latex/atveryend/atveryend.sty
Package: atveryend 2019-12-11 v1.11 Hooks at the very end of document (HO)
)
\Fld@listcount=\count448
\c@bookmark@seq@number=\count449
 (/usr/local/texlive/2020/texmf-dist/tex/latex/rerunfilecheck/rerunfilecheck.sty
Package: rerunfilecheck 2019/12/05 v1.9 Rerun checks for auxiliary files (HO)
 (/usr/local/texlive/2020/texmf-dist/tex/generic/uniquecounter/uniquecounter.sty
Package: uniquecounter 2019/12/15 v1.4 Provide unlimited unique counter (HO)
)
Package uniquecounter Info: New unique counter `rerunfilecheck' on input line 286.
)
\Hy@SectionHShift=\skip85
)
Package hyperref Info: Option `bookmarksopen' set `true' on input line 152.
Package hyperref Info: Option `hypertexnames' set `false' on input line 152.
Package hyperref Info: Option `colorlinks' set `true' on input line 152.
Package hyperref Info: Option `unicode' set `true' on input line 152.
 (/usr/local/texlive/2020/texmf-dist/tex/latex/hyperref/puenc.def
File: puenc.def 2020/01/14 v7.00d Hyperref: PDF Unicode definition (HO)
Now handling font encoding PU ...
... no UTF-8 mapping file for font encoding PU
)
Package hyperref Info: Option `breaklinks' set `true' on input line 152.
Package csquotes Info: Checking for multilingual support...
Package csquotes Info: ... found 'babel' package.
 (/Users/jakob/Documents/mag/MSC/msc/main.aux
(/Users/jakob/Documents/mag/MSC/msc/Chapters/Chapter1.aux) (/Users/jakob/Documents/mag/MSC/msc/Chapters/Chapter2.aux) (/Users/jakob/Documents/mag/MSC/msc/Chapters/Chapter3.aux) (/Users/jakob/Documents/mag/MSC/msc/Chapters/Chapter4.aux) (/Users/jakob/Documents/mag/MSC/msc/Chapters/Chapter5.aux) (/Users/jakob/Documents/mag/MSC/msc/Chapters/Chapter10.aux) (/Users/jakob/Documents/mag/MSC/msc/Chapters/Chapter6.aux) (/Users/jakob/Documents/mag/MSC/msc/Chapters/Chapter8.aux

LaTeX Warning: Label `fig:tsne_papb_scatter_all' multiply defined.


LaTeX Warning: Label `fig:tsne_papb_img_scatter_ent_refit8' multiply defined.

) (/Users/jakob/Documents/mag/MSC/msc/Chapters/Chapter7.aux

LaTeX Warning: Label `fig:ec_b5week' multiply defined.


LaTeX Warning: Label `sub@fig:ec_b5week' multiply defined.


LaTeX Warning: Label `fig:ec_b5year' multiply defined.


LaTeX Warning: Label `sub@fig:ec_b5year' multiply defined.

) (/Users/jakob/Documents/mag/MSC/msc/Chapters/Chapter9.aux) (/Users/jakob/Documents/mag/MSC/msc/Appendices/AppendixA.aux))
\openout1 = `main.aux'.

LaTeX Font Info:    Checking defaults for OML/cmm/m/it on input line 152.
LaTeX Font Info:    ... okay on input line 152.
LaTeX Font Info:    Checking defaults for OMS/cmsy/m/n on input line 152.
LaTeX Font Info:    ... okay on input line 152.
LaTeX Font Info:    Checking defaults for OT1/cmr/m/n on input line 152.
LaTeX Font Info:    ... okay on input line 152.
LaTeX Font Info:    Checking defaults for T1/cmr/m/n on input line 152.
LaTeX Font Info:    ... okay on input line 152.
LaTeX Font Info:    Checking defaults for TS1/cmr/m/n on input line 152.
LaTeX Font Info:    ... okay on input line 152.
LaTeX Font Info:    Checking defaults for OMX/cmex/m/n on input line 152.
LaTeX Font Info:    ... okay on input line 152.
LaTeX Font Info:    Checking defaults for U/cmr/m/n on input line 152.
LaTeX Font Info:    ... okay on input line 152.
LaTeX Font Info:    Checking defaults for PD1/pdf/m/n on input line 152.
LaTeX Font Info:    ... okay on input line 152.
LaTeX Font Info:    Checking defaults for PU/pdf/m/n on input line 152.
LaTeX Font Info:    ... okay on input line 152.
LaTeX Font Info:    Trying to load font information for T1+ppl on input line 152.
 (/usr/local/texlive/2020/texmf-dist/tex/latex/psnfss/t1ppl.fd
File: t1ppl.fd 2001/06/04 font definitions for T1/ppl.
) (/usr/local/texlive/2020/texmf-dist/tex/latex/translator/translator-basic-dictionary-English.dict
Dictionary: translator-basic-dictionary, Language: English 
) (/usr/local/texlive/2020/texmf-dist/tex/latex/siunitx/siunitx-abbreviations.cfg
File: siunitx-abbreviations.cfg 2017/11/26 v2.7k siunitx: Abbreviated units
) (/usr/local/texlive/2020/texmf-dist/tex/context/base/mkii/supp-pdf.mkii
[Loading MPS to PDF converter (version 2006.09.02).]
\scratchcounter=\count450
\scratchdimen=\dimen312
\scratchbox=\box75
\nofMPsegments=\count451
\nofMParguments=\count452
\everyMPshowfont=\toks40
\MPscratchCnt=\count453
\MPscratchDim=\dimen313
\MPnumerator=\count454
\makeMPintoPDFobject=\count455
\everyMPtoPDFconversion=\toks41
) (/usr/local/texlive/2020/texmf-dist/tex/latex/epstopdf-pkg/epstopdf-base.sty
Package: epstopdf-base 2020-01-24 v2.11 Base part for package epstopdf
Package epstopdf-base Info: Redefining graphics rule for `.eps' on input line 485.
 (/usr/local/texlive/2020/texmf-dist/tex/latex/latexconfig/epstopdf-sys.cfg
File: epstopdf-sys.cfg 2010/07/13 v1.3 Configuration of (r)epstopdf for TeX Live
))
Package caption Info: Begin \AtBeginDocument code.
Package caption Info: float package is loaded.
Package caption Info: hyperref package is loaded.
Package caption Info: End \AtBeginDocument code.

*geometry* driver: auto-detecting
*geometry* detected driver: pdftex
*geometry* verbose mode - [ preamble ] result:
* driver: pdftex
* paper: a4paper
* layout: <same size as paper>
* layoutoffset:(h,v)=(0.0pt,0.0pt)
* bindingoffset: 14.22636pt
* modes: includehead includefoot twoside 
* h-part:(L,W,R)=(71.13188pt, 404.02908pt, 108.12054pt)
* v-part:(T,H,B)=(42.67912pt, 759.6886pt, 42.67912pt)
* \paperwidth=597.50787pt
* \paperheight=845.04684pt
* \textwidth=404.02908pt
* \textheight=693.49821pt
* \oddsidemargin=13.08826pt
* \evensidemargin=35.85056pt
* \topmargin=-29.59087pt
* \headheight=18.85364pt
* \headsep=19.8738pt
* \topskip=11.0pt
* \footskip=27.46295pt
* \marginparwidth=116.0pt
* \marginparsep=7.0pt
* \columnsep=10.0pt
* \skip\footins=10.0pt plus 4.0pt minus 2.0pt
* \hoffset=0.0pt
* \voffset=0.0pt
* \mag=1000
* \@twocolumnfalse
* \@twosidetrue
* \@mparswitchtrue
* \@reversemarginfalse
* (1in=72.27pt=25.4mm, 1cm=28.453pt)

Package scrlayer Info: Setting magic \footheight to \baselineskip while
(scrlayer)             \begin{document} on input line 152.
Package scrbase Info: activating english \abbrevname on input line 152.
Package scrbase Info: activating english \byname on input line 152.
Package scrbase Info: activating english \acknowledgementname on input line 152.
Package scrbase Info: activating english \authorshipname on input line 152.
Package scrbase Info: activating english \constantsname on input line 152.
Package scrbase Info: activating english \symbolsname on input line 152.
\big@size=\dimen314
Package biblatex Info: Trying to load language 'english'...
Package biblatex Info: ... file 'english.lbx' found.
(/usr/local/texlive/2020/texmf-dist/tex/latex/biblatex/lbx/english.lbx
File: english.lbx 2019/12/01 v3.14 biblatex localization (PK/MW)
)
Package biblatex Info: Input encoding 'utf8' detected.
Package biblatex Info: Automatic encoding selection.
(biblatex)             Assuming data encoding 'utf8'.
\openout3 = `main.bcf'.

Package biblatex Info: Trying to load bibliographic data...
Package biblatex Info: ... file 'main.bbl' found.
 (/Users/jakob/Documents/mag/MSC/msc/main.bbl)
Package biblatex Info: Reference section=0 on input line 152.
Package biblatex Info: Reference segment=0 on input line 152.
 ABD: EveryShipout initializing macros
\AtBeginShipoutBox=\box76
Package hyperref Info: Link coloring ON on input line 152.
 (/usr/local/texlive/2020/texmf-dist/tex/latex/hyperref/nameref.sty
Package: nameref 2019/09/16 v2.46 Cross-referencing by name of section
 (/usr/local/texlive/2020/texmf-dist/tex/latex/refcount/refcount.sty
Package: refcount 2019/12/15 v3.6 Data extraction from label references (HO)
) (/usr/local/texlive/2020/texmf-dist/tex/generic/gettitlestring/gettitlestring.sty
Package: gettitlestring 2019/12/15 v1.6 Cleanup title references (HO)
)
\c@section@level=\count456
)
LaTeX Info: Redefining \ref on input line 152.
LaTeX Info: Redefining \pageref on input line 152.
LaTeX Info: Redefining \nameref on input line 152.
 (/Users/jakob/Documents/mag/MSC/msc/main.out) (/Users/jakob/Documents/mag/MSC/msc/main.out)
\@outlinefile=\write5
\openout5 = `main.out'.

LaTeX Font Info:    Trying to load font information for OT1+ppl on input line 152.
 (/usr/local/texlive/2020/texmf-dist/tex/latex/psnfss/ot1ppl.fd
File: ot1ppl.fd 2001/06/04 font definitions for OT1/ppl.
)
LaTeX Font Info:    Trying to load font information for OML+zplm on input line 152.
 (/usr/local/texlive/2020/texmf-dist/tex/latex/psnfss/omlzplm.fd
File: omlzplm.fd 2002/09/08 Fontinst v1.914 font definitions for OML/zplm.
)
LaTeX Font Info:    Trying to load font information for OMS+zplm on input line 152.
 (/usr/local/texlive/2020/texmf-dist/tex/latex/psnfss/omszplm.fd
File: omszplm.fd 2002/09/08 Fontinst v1.914 font definitions for OMS/zplm.
)
LaTeX Font Info:    Trying to load font information for OMX+zplm on input line 152.
 (/usr/local/texlive/2020/texmf-dist/tex/latex/psnfss/omxzplm.fd
File: omxzplm.fd 2002/09/08 Fontinst v1.914 font definitions for OMX/zplm.
)
LaTeX Font Info:    Trying to load font information for OT1+zplm on input line 152.
 (/usr/local/texlive/2020/texmf-dist/tex/latex/psnfss/ot1zplm.fd
File: ot1zplm.fd 2002/09/08 Fontinst v1.914 font definitions for OT1/zplm.
)
LaTeX Font Info:    Font shape `U/msa/m/n' will be
(Font)              scaled to size 11.40997pt on input line 152.
LaTeX Font Info:    Font shape `U/msa/m/n' will be
(Font)              scaled to size 8.33606pt on input line 152.
LaTeX Font Info:    Font shape `U/msa/m/n' will be
(Font)              scaled to size 6.25204pt on input line 152.
LaTeX Font Info:    Font shape `U/msb/m/n' will be
(Font)              scaled to size 11.40997pt on input line 152.
LaTeX Font Info:    Font shape `U/msb/m/n' will be
(Font)              scaled to size 8.33606pt on input line 152.
LaTeX Font Info:    Font shape `U/msb/m/n' will be
(Font)              scaled to size 6.25204pt on input line 152.

1: section
[1



{/usr/local/texlive/2020/texmf-var/fonts/map/pdftex/updmap/pdftex.map}] [2

]
--------------------
 Declaration of Authorship
--------------------
LaTeX Font Info:    Trying to load font information for TS1+ppl on input line 210.
(/usr/local/texlive/2020/texmf-dist/tex/latex/psnfss/ts1ppl.fd
File: ts1ppl.fd 2001/06/04 font definitions for TS1/ppl.
)
Underfull \hbox (badness 10000) in paragraph at lines 215--216

 []

1: section
[3] [4

] [5] [6

]
--------------------
 Abstract
--------------------
1: section
[7] [8

]
--------------------
 Acknowledgements
--------------------
1: section
[9] [10

] (/Users/jakob/Documents/mag/MSC/msc/main.toc
1: section
[11] [12])
\tf@toc=\write6
\openout6 = `main.toc'.

 [13] [14

] (/Users/jakob/Documents/mag/MSC/msc/main.lof
1: section
[15] [16])
\tf@lof=\write7
\openout7 = `main.lof'.

 [17] [18

] (/Users/jakob/Documents/mag/MSC/msc/main.lot)
\tf@lot=\write8
\openout8 = `main.lot'.


1: section
[19] [20

]
1: section
[21] [22

]
1: section
\openout2 = `Chapters/Chapter1.aux'.

(/Users/jakob/Documents/mag/MSC/msc/Chapters/Chapter1.tex
Chapter 1.
)
1: section
[1


]
\openout2 = `Chapters/Chapter2.aux'.

 (/Users/jakob/Documents/mag/MSC/msc/Chapters/Chapter2.tex [2



]
Chapter 2.
<Figures/clustered_profiles.png, id=854, 603.25375pt x 678.535pt>
File: Figures/clustered_profiles.png Graphic file (type png)
<use Figures/clustered_profiles.png>
Package pdftex.def Info: Figures/clustered_profiles.png  used on input line 20.
(pdftex.def)             Requested size: 363.6237pt x 408.99814pt.
1: section
[3]) [4 </Users/jakob/Documents/mag/MSC/msc/Figures/clustered_profiles.png>]
\openout2 = `Chapters/Chapter3.aux'.

 (/Users/jakob/Documents/mag/MSC/msc/Chapters/Chapter3.tex
Chapter 3.
<Figures/publications.png, id=879, 1108.14pt x 608.2725pt>
File: Figures/publications.png Graphic file (type png)
<use Figures/publications.png>
Package pdftex.def Info: Figures/publications.png  used on input line 36.
(pdftex.def)             Requested size: 363.6237pt x 199.5982pt.
1: section
[5



] [6 </Users/jakob/Documents/mag/MSC/msc/Figures/publications.png>]
Overfull \hbox (2.10155pt too wide) in paragraph at lines 77--83
\T1/ppl/m/n/10.95 ap-pli-ance. Fur-ther-more, they con-cluded that 15 % of con-sumed power can be shifted,
 []

[7] [8] [9]
Overfull \hbox (3.67332pt too wide) in paragraph at lines 189--190
[]\T1/ppl/m/n/10.95 The com-bi-na-tion in the sec-ond col-umn and sec-ond row is be-tween av-er-age power,
 []

[10]
<Figures/profile_sketches/Slide1.png, id=980, 963.6pt x 542.025pt>
File: Figures/profile_sketches/Slide1.png Graphic file (type png)
<use Figures/profile_sketches/Slide1.png>
Package pdftex.def Info: Figures/profile_sketches/Slide1.png  used on input line 260.
(pdftex.def)             Requested size: 363.6237pt x 204.53255pt.
<Figures/profile_sketches/Slide5.png, id=982, 963.6pt x 542.025pt>
File: Figures/profile_sketches/Slide5.png Graphic file (type png)
<use Figures/profile_sketches/Slide5.png>
Package pdftex.def Info: Figures/profile_sketches/Slide5.png  used on input line 269.
(pdftex.def)             Requested size: 363.6237pt x 204.53255pt.
 [11 </Users/jakob/Documents/mag/MSC/msc/Figures/profile_sketches/Slide1.png>]
<Figures/profile_sketches/Slide8.png, id=989, 963.6pt x 542.025pt>
File: Figures/profile_sketches/Slide8.png Graphic file (type png)
<use Figures/profile_sketches/Slide8.png>
Package pdftex.def Info: Figures/profile_sketches/Slide8.png  used on input line 280.
(pdftex.def)             Requested size: 363.6237pt x 204.53255pt.
<Figures/profile_sketches/Slide2.png, id=990, 963.6pt x 542.025pt>
File: Figures/profile_sketches/Slide2.png Graphic file (type png)
<use Figures/profile_sketches/Slide2.png>
Package pdftex.def Info: Figures/profile_sketches/Slide2.png  used on input line 286.
(pdftex.def)             Requested size: 363.6237pt x 204.53255pt.
 [12 </Users/jakob/Documents/mag/MSC/msc/Figures/profile_sketches/Slide5.png> </Users/jakob/Documents/mag/MSC/msc/Figures/profile_sketches/Slide8.png>]
<Figures/profile_sketches/Slide10.png, id=997, 963.6pt x 542.025pt>
File: Figures/profile_sketches/Slide10.png Graphic file (type png)
<use Figures/profile_sketches/Slide10.png>
Package pdftex.def Info: Figures/profile_sketches/Slide10.png  used on input line 296.
(pdftex.def)             Requested size: 363.6237pt x 204.53255pt.
<Figures/profile_sketches/Slide12.png, id=999, 963.6pt x 542.025pt>
File: Figures/profile_sketches/Slide12.png Graphic file (type png)
<use Figures/profile_sketches/Slide12.png>
Package pdftex.def Info: Figures/profile_sketches/Slide12.png  used on input line 312.
(pdftex.def)             Requested size: 363.6237pt x 204.53255pt.
 [13 </Users/jakob/Documents/mag/MSC/msc/Figures/profile_sketches/Slide2.png> </Users/jakob/Documents/mag/MSC/msc/Figures/profile_sketches/Slide10.png>]
<Figures/profile_sketches/Slide14.png, id=1006, 963.6pt x 542.025pt>
File: Figures/profile_sketches/Slide14.png Graphic file (type png)
<use Figures/profile_sketches/Slide14.png>
Package pdftex.def Info: Figures/profile_sketches/Slide14.png  used on input line 330.
(pdftex.def)             Requested size: 363.6237pt x 204.53255pt.
 [14 </Users/jakob/Documents/mag/MSC/msc/Figures/profile_sketches/Slide12.png> </Users/jakob/Documents/mag/MSC/msc/Figures/profile_sketches/Slide14.png>]
Overfull \hbox (61.32832pt too wide) in paragraph at lines 364--373
[][] 
 []

[15]
Overfull \hbox (41.8811pt too wide) in paragraph at lines 396--464
[][] 
 []

[16] [17]
Overfull \hbox (6.99445pt too wide) in paragraph at lines 652--718
[][] 
 []


Overfull \hbox (21.64555pt too wide) in paragraph at lines 754--822
[][] 
 []

[18]
Overfull \hbox (6.99445pt too wide) in paragraph at lines 832--900
[][] 
 []

) [19]
\openout2 = `Chapters/Chapter4.aux'.

 (/Users/jakob/Documents/mag/MSC/msc/Chapters/Chapter4.tex [20



]
Chapter 4.

Overfull \hbox (0.37733pt too wide) in paragraph at lines 25--30
[]\T1/ppl/m/n/10.95 On the other side, more and more pho-to-voltaic sys-tems are be-ing in-stalled, which
 []


Overfull \hbox (3.5033pt too wide) in paragraph at lines 25--30
\T1/ppl/m/n/10.95 ing to shift to-wards so-called dis-tributed en-ergy re-sources or "DER" []Moreno Jaramillo
 []

1: section
[21]
Overfull \hbox (3.87524pt too wide) in paragraph at lines 63--67
\T1/ppl/m/n/10.95 en-ergy con-sump-tion of users by study-ing user con-sump-tion pat-terns, such as []Spataru
 []

[22] [23]) [24]
\openout2 = `Chapters/Chapter5.aux'.

 (/Users/jakob/Documents/mag/MSC/msc/Chapters/Chapter5.tex
Chapter 5.
)
1: section
[25



]
\openout2 = `Chapters/Chapter10.aux'.

 (/Users/jakob/Documents/mag/MSC/msc/Chapters/Chapter10.tex [26



]
Chapter 6.

Package hyperref Warning: Difference (2) between bookmark levels is greater 
(hyperref)                than one, level fixed on input line 10.

<Figures/../Figures/microwave_norm_n25.png, id=1195, 489.83pt x 336.25626pt>
File: Figures/../Figures/microwave_norm_n25.png Graphic file (type png)
<use Figures/../Figures/microwave_norm_n25.png>
Package pdftex.def Info: Figures/../Figures/microwave_norm_n25.png  used on input line 22.
(pdftex.def)             Requested size: 363.6237pt x 249.62614pt.
1: section
[27 </Users/jakob/Documents/mag/MSC/msc/Figures/../Figures/microwave_norm_n25.png>]) [28]
\openout2 = `Chapters/Chapter6.aux'.

 (/Users/jakob/Documents/mag/MSC/msc/Chapters/Chapter6.tex
Chapter 7.
1: section
[29



]
<Figures/../Figures/LPS/SLPdaily2.png, id=1241, 493.845pt x 350.30875pt>
File: Figures/../Figures/LPS/SLPdaily2.png Graphic file (type png)
<use Figures/../Figures/LPS/SLPdaily2.png>
Package pdftex.def Info: Figures/../Figures/LPS/SLPdaily2.png  used on input line 51.
(pdftex.def)             Requested size: 202.01454pt x 143.2961pt.
<Figures/../Figures/LPS/SLPyearly2.png, id=1242, 487.8225pt x 350.30875pt>
File: Figures/../Figures/LPS/SLPyearly2.png Graphic file (type png)
<use Figures/../Figures/LPS/SLPyearly2.png>
Package pdftex.def Info: Figures/../Figures/LPS/SLPyearly2.png  used on input line 58.
(pdftex.def)             Requested size: 202.01454pt x 145.06538pt.

Overfull \hbox (4.16101pt too wide) in paragraph at lines 48--62
[]$[]$  $[]$[] 
 []

<Figures/../Figures/LPS/SLPHMyearly2.png, id=1248, 361.35pt x 282.05376pt>
File: Figures/../Figures/LPS/SLPHMyearly2.png Graphic file (type png)
<use Figures/../Figures/LPS/SLPHMyearly2.png>
Package pdftex.def Info: Figures/../Figures/LPS/SLPHMyearly2.png  used on input line 88.
(pdftex.def)             Requested size: 282.81912pt x 220.7585pt.
[30 </Users/jakob/Documents/mag/MSC/msc/Figures/../Figures/LPS/SLPdaily2.png> </Users/jakob/Documents/mag/MSC/msc/Figures/../Figures/LPS/SLPyearly2.png>]
<Figures/../Figures/LPS/WM_daily.png, id=1259, 481.8pt x 350.30875pt>
File: Figures/../Figures/LPS/WM_daily.png Graphic file (type png)
<use Figures/../Figures/LPS/WM_daily.png>
Package pdftex.def Info: Figures/../Figures/LPS/WM_daily.png  used on input line 121.
(pdftex.def)             Requested size: 282.81912pt x 205.63803pt.
 [31 </Users/jakob/Documents/mag/MSC/msc/Figures/../Figures/LPS/SLPHMyearly2.png>]
<Figures/../Figures/LPS/3 hours.png, id=1267, 487.8225pt x 399.4925pt>
File: Figures/../Figures/LPS/3 hours.png Graphic file (type png)
<use Figures/../Figures/LPS/3 hours.png>
Package pdftex.def Info: Figures/../Figures/LPS/3 hours.png  used on input line 139.
(pdftex.def)             Requested size: 282.81912pt x 231.60828pt.
 [32 </Users/jakob/Documents/mag/MSC/msc/Figures/../Figures/LPS/WM_daily.png> </Users/jakob/Documents/mag/MSC/msc/Figures/../Figures/LPS/3 hours.png>]
<Figures/../Figures/LPS/WM_ww_daily.png, id=1276, 484.81125pt x 350.30875pt>
File: Figures/../Figures/LPS/WM_ww_daily.png Graphic file (type png)
<use Figures/../Figures/LPS/WM_ww_daily.png>
Package pdftex.def Info: Figures/../Figures/LPS/WM_ww_daily.png  used on input line 160.
(pdftex.def)             Requested size: 282.81912pt x 204.36586pt.
<Figures/../Figures/LPS/WM_weekly.png, id=1280, 487.8225pt x 350.30875pt>
File: Figures/../Figures/LPS/WM_weekly.png Graphic file (type png)
<use Figures/../Figures/LPS/WM_weekly.png>
Package pdftex.def Info: Figures/../Figures/LPS/WM_weekly.png  used on input line 181.
(pdftex.def)             Requested size: 282.81912pt x 203.09369pt.
 [33 </Users/jakob/Documents/mag/MSC/msc/Figures/../Figures/LPS/WM_ww_daily.png>]
<Figures/../Figures/LPS/WM_yearly.png, id=1288, 481.8pt x 350.30875pt>
File: Figures/../Figures/LPS/WM_yearly.png Graphic file (type png)
<use Figures/../Figures/LPS/WM_yearly.png>
Package pdftex.def Info: Figures/../Figures/LPS/WM_yearly.png  used on input line 193.
(pdftex.def)             Requested size: 323.22449pt x 235.01567pt.
<Figures/../Figures/LPS/wm_hm_weekly.png, id=1295, 361.35pt x 282.05376pt>
File: Figures/../Figures/LPS/wm_hm_weekly.png Graphic file (type png)
<use Figures/../Figures/LPS/wm_hm_weekly.png>
Package pdftex.def Info: Figures/../Figures/LPS/wm_hm_weekly.png  used on input line 211.
(pdftex.def)             Requested size: 282.81912pt x 220.7585pt.
 [34 </Users/jakob/Documents/mag/MSC/msc/Figures/../Figures/LPS/WM_weekly.png> </Users/jakob/Documents/mag/MSC/msc/Figures/../Figures/LPS/WM_yearly.png>] [35 </Users/jakob/Documents/mag/MSC/msc/Figures/../Figures/LPS/wm_hm_weekly.png>]

Package caption Warning: \label without proper reference on input line 285.
See the caption package documentation for explanation.


LaTeX Warning: Reference `fig:var_2d_lps' on page 36 undefined on input line 258.

<Figures/../Figures/LPS/HM_Ywh_comp.png, id=1313, 361.35pt x 282.05376pt>
File: Figures/../Figures/LPS/HM_Ywh_comp.png Graphic file (type png)
<use Figures/../Figures/LPS/HM_Ywh_comp.png>
Package pdftex.def Info: Figures/../Figures/LPS/HM_Ywh_comp.png  used on input line 270.
(pdftex.def)             Requested size: 116.36223pt x 90.82713pt.
<Figures/../Figures/LPS/HM_Ywh_tv.png, id=1314, 361.35pt x 282.05376pt>
File: Figures/../Figures/LPS/HM_Ywh_tv.png Graphic file (type png)
<use Figures/../Figures/LPS/HM_Ywh_tv.png>
Package pdftex.def Info: Figures/../Figures/LPS/HM_Ywh_tv.png  used on input line 276.
(pdftex.def)             Requested size: 116.36223pt x 90.82713pt.
<Figures/../Figures/LPS/HM_Ywh_wm.png, id=1315, 355.3275pt x 282.05376pt>
File: Figures/../Figures/LPS/HM_Ywh_wm.png Graphic file (type png)
<use Figures/../Figures/LPS/HM_Ywh_wm.png>
Package pdftex.def Info: Figures/../Figures/LPS/HM_Ywh_wm.png  used on input line 282.
(pdftex.def)             Requested size: 116.36223pt x 92.36789pt.
<Figures/../Figures/LPS/solar termal pumping station.png, id=1316, 409.53pt x 282.05376pt>
File: Figures/../Figures/LPS/solar termal pumping station.png Graphic file (type png)
<use Figures/../Figures/LPS/solar termal pumping station.png>
Package pdftex.def Info: Figures/../Figures/LPS/solar termal pumping station.png  used on input line 296.
(pdftex.def)             Requested size: 181.81184pt x 125.2187pt.
<Figures/../Figures/LPS/light.png, id=1317, 367.3725pt x 282.05376pt>
File: Figures/../Figures/LPS/light.png Graphic file (type png)
<use Figures/../Figures/LPS/light.png>
Package pdftex.def Info: Figures/../Figures/LPS/light.png  used on input line 302.
(pdftex.def)             Requested size: 181.81184pt x 139.58905pt.
[36 </Users/jakob/Documents/mag/MSC/msc/Figures/../Figures/LPS/HM_Ywh_comp.png> </Users/jakob/Documents/mag/MSC/msc/Figures/../Figures/LPS/HM_Ywh_tv.png> </Users/jakob/Documents/mag/MSC/msc/Figures/../Figures/LPS/HM_Ywh_wm.png>]
<Figures/../Figures/LPS/PHPA.png, id=1331, 529.0164pt x 386.8854pt>
File: Figures/../Figures/LPS/PHPA.png Graphic file (type png)
<use Figures/../Figures/LPS/PHPA.png>
Package pdftex.def Info: Figures/../Figures/LPS/PHPA.png  used on input line 339.
(pdftex.def)             Requested size: 282.81912pt x 206.837pt.
 [37 </Users/jakob/Documents/mag/MSC/msc/Figures/../Figures/LPS/solar termal pumping station.png> </Users/jakob/Documents/mag/MSC/msc/Figures/../Figures/LPS/light.png>]
<Figures/../Figures/LPS/stack.png, id=1340, 508.90125pt x 375.4025pt>
File: Figures/../Figures/LPS/stack.png Graphic file (type png)
<use Figures/../Figures/LPS/stack.png>
Package pdftex.def Info: Figures/../Figures/LPS/stack.png  used on input line 350.
(pdftex.def)             Requested size: 282.81912pt x 208.63725pt.
<Figures/../Figures/LPS/BOA.png, id=1342, 593.5776pt x 386.8854pt>
File: Figures/../Figures/LPS/BOA.png Graphic file (type png)
<use Figures/../Figures/LPS/BOA.png>
Package pdftex.def Info: Figures/../Figures/LPS/BOA.png  used on input line 365.
(pdftex.def)             Requested size: 404.02908pt x 263.34424pt.
 [38 </Users/jakob/Documents/mag/MSC/msc/Figures/../Figures/LPS/PHPA.png> </Users/jakob/Documents/mag/MSC/msc/Figures/../Figures/LPS/stack.png>]

LaTeX Warning: Reference `ig:PHPA' on page 39 undefined on input line 380.


Package caption Warning: \label without proper reference on input line 305.
See the caption package documentation for explanation.


LaTeX Warning: Reference `fig:effect_of_season' on page 39 undefined on input line 390.

) [39 </Users/jakob/Documents/mag/MSC/msc/Figures/../Figures/LPS/BOA.png>]
\openout2 = `Chapters/Chapter8.aux'.

 (/Users/jakob/Documents/mag/MSC/msc/Chapters/Chapter8.tex [40



]
Chapter 8.

LaTeX Warning: Reference `Chapter3' on page 41 undefined on input line 14.


LaTeX Warning: Reference `Chapter4' on page 41 undefined on input line 26.

1: section
[41]
File: Figures/../Figures/LPS/WM_weekly.png Graphic file (type png)
<use Figures/../Figures/LPS/WM_weekly.png>
Package pdftex.def Info: Figures/../Figures/LPS/WM_weekly.png  used on input line 60.
(pdftex.def)             Requested size: 282.81912pt x 203.09369pt.
File: Figures/../Figures/LPS/BOA.png Graphic file (type png)
<use Figures/../Figures/LPS/BOA.png>
Package pdftex.def Info: Figures/../Figures/LPS/BOA.png  used on input line 76.
(pdftex.def)             Requested size: 404.02908pt x 263.34424pt.
 [42] [43]
<Figures/TSNE/TSNE_per_building/non_norm/scatter_non_norm_all.png, id=1402, 827.80122pt x 643.40948pt>
File: Figures/TSNE/TSNE_per_building/non_norm/scatter_non_norm_all.png Graphic file (type png)
<use Figures/TSNE/TSNE_per_building/non_norm/scatter_non_norm_all.png>
Package pdftex.def Info: Figures/TSNE/TSNE_per_building/non_norm/scatter_non_norm_all.png  used on input line 152.
(pdftex.def)             Requested size: 484.83366pt x 376.83974pt.

Overfull \hbox (80.80458pt too wide) in paragraph at lines 152--154
 [][] 
 []

[44]
<Figures/TSNE/TSNE_per_building/non_norm/img_scatter_allall.png, id=1409, 2900.8375pt x 3171.85pt>
File: Figures/TSNE/TSNE_per_building/non_norm/img_scatter_allall.png Graphic file (type png)
<use Figures/TSNE/TSNE_per_building/non_norm/img_scatter_allall.png>
Package pdftex.def Info: Figures/TSNE/TSNE_per_building/non_norm/img_scatter_allall.png  used on input line 169.
(pdftex.def)             Requested size: 363.6237pt x 397.59344pt.
 [45 </Users/jakob/Documents/mag/MSC/msc/Figures/TSNE/TSNE_per_building/non_norm/scatter_non_norm_all.png>]
<Figures/TSNE/TSNE_per_building/all/scatter_all_all.png, id=1420, 817.27046pt x 643.40948pt>
File: Figures/TSNE/TSNE_per_building/all/scatter_all_all.png Graphic file (type png)
<use Figures/TSNE/TSNE_per_building/all/scatter_all_all.png>
Package pdftex.def Info: Figures/TSNE/TSNE_per_building/all/scatter_all_all.png  used on input line 190.
(pdftex.def)             Requested size: 484.83366pt x 381.69946pt.

Overfull \hbox (80.80458pt too wide) in paragraph at lines 190--192
 [][] 
 []

[46 </Users/jakob/Documents/mag/MSC/msc/Figures/TSNE/TSNE_per_building/non_norm/img_scatter_allall.png>]
<Figures/TSNE/TSNE_per_building/all/img_scatter_allall.png, id=1428, 1919.17pt x 1870.99pt>
File: Figures/TSNE/TSNE_per_building/all/img_scatter_allall.png Graphic file (type png)
<use Figures/TSNE/TSNE_per_building/all/img_scatter_allall.png>
Package pdftex.def Info: Figures/TSNE/TSNE_per_building/all/img_scatter_allall.png  used on input line 201.
(pdftex.def)             Requested size: 363.6237pt x 354.49258pt.
 [47 </Users/jakob/Documents/mag/MSC/msc/Figures/TSNE/TSNE_per_building/all/scatter_all_all.png>] [48 </Users/jakob/Documents/mag/MSC/msc/Figures/TSNE/TSNE_per_building/all/img_scatter_allall.png>]
<Figures/TSNE/TSNE_per_appliance/all/scatter_all_fridge_freeezer_fridge freezer.png, id=1442, 598.6365pt x 569.60805pt>
File: Figures/TSNE/TSNE_per_appliance/all/scatter_all_fridge_freeezer_fridge freezer.png Graphic file (type png)
<use Figures/TSNE/TSNE_per_appliance/all/scatter_all_fridge_freeezer_fridge freezer.png>
Package pdftex.def Info: Figures/TSNE/TSNE_per_appliance/all/scatter_all_fridge_freeezer_fridge freezer.png  used on input line 239.
(pdftex.def)             Requested size: 484.83366pt x 461.32785pt.

Overfull \hbox (80.80458pt too wide) in paragraph at lines 239--241
 [][] 
 []

<Figures/TSNE/TSNE_per_appliance/all/img_scatter_allfridge_freeezer_fridge freezer.png, id=1445, 3814.25pt x 3920.6475pt>
File: Figures/TSNE/TSNE_per_appliance/all/img_scatter_allfridge_freeezer_fridge freezer.png Graphic file (type png)
<use Figures/TSNE/TSNE_per_appliance/all/img_scatter_allfridge_freeezer_fridge freezer.png>
Package pdftex.def Info: Figures/TSNE/TSNE_per_appliance/all/img_scatter_allfridge_freeezer_fridge freezer.png  used on input line 252.
(pdftex.def)             Requested size: 363.6237pt x 373.7217pt.
[49 </Users/jakob/Documents/mag/MSC/msc/Figures/TSNE/TSNE_per_appliance/all/scatter_all_fridge_freeezer_fridge freezer.png>]
<Figures/TSNE/TSNE_per_appliance/all/scatter_all_kettle.png, id=1452, 598.6365pt x 419.04555pt>
File: Figures/TSNE/TSNE_per_appliance/all/scatter_all_kettle.png Graphic file (type png)
<use Figures/TSNE/TSNE_per_appliance/all/scatter_all_kettle.png>
Package pdftex.def Info: Figures/TSNE/TSNE_per_appliance/all/scatter_all_kettle.png  used on input line 266.
(pdftex.def)             Requested size: 484.83366pt x 339.38666pt.

Overfull \hbox (80.80458pt too wide) in paragraph at lines 266--268
 [][] 
 []

[50 </Users/jakob/Documents/mag/MSC/msc/Figures/TSNE/TSNE_per_appliance/all/img_scatter_allfridge_freeezer_fridge freezer.png>]
<Figures/TSNE/TSNE_per_appliance/all/img_scatter_allkettle.png, id=1461, 4154.52126pt x 4162.55125pt>
File: Figures/TSNE/TSNE_per_appliance/all/img_scatter_allkettle.png Graphic file (type png)
<use Figures/TSNE/TSNE_per_appliance/all/img_scatter_allkettle.png>
Package pdftex.def Info: Figures/TSNE/TSNE_per_appliance/all/img_scatter_allkettle.png  used on input line 289.
(pdftex.def)             Requested size: 363.6237pt x 364.32397pt.
 [51 </Users/jakob/Documents/mag/MSC/msc/Figures/TSNE/TSNE_per_appliance/all/scatter_all_kettle.png>]
<Figures/TSNE/TSNE_per_appliance/all/scatter_all_microwave.png, id=1469, 598.6365pt x 435.7881pt>
File: Figures/TSNE/TSNE_per_appliance/all/scatter_all_microwave.png Graphic file (type png)
<use Figures/TSNE/TSNE_per_appliance/all/scatter_all_microwave.png>
Package pdftex.def Info: Figures/TSNE/TSNE_per_appliance/all/scatter_all_microwave.png  used on input line 302.
(pdftex.def)             Requested size: 484.83366pt x 352.94652pt.

Overfull \hbox (80.80458pt too wide) in paragraph at lines 302--304
 [][] 
 []

[52 </Users/jakob/Documents/mag/MSC/msc/Figures/TSNE/TSNE_per_appliance/all/img_scatter_allkettle.png>]
<Figures/TSNE/TSNE_per_appliance/all/img_scatter_allmicrowave.png, id=1476, 4273.9675pt x 4125.4125pt>
File: Figures/TSNE/TSNE_per_appliance/all/img_scatter_allmicrowave.png Graphic file (type png)
<use Figures/TSNE/TSNE_per_appliance/all/img_scatter_allmicrowave.png>
Package pdftex.def Info: Figures/TSNE/TSNE_per_appliance/all/img_scatter_allmicrowave.png  used on input line 315.
(pdftex.def)             Requested size: 363.6237pt x 350.93869pt.
 [53 </Users/jakob/Documents/mag/MSC/msc/Figures/TSNE/TSNE_per_appliance/all/scatter_all_microwave.png>]
<Figures/TSNE/TSNE_per_appliance/all/scatter_all_television.png, id=1483, 598.6365pt x 402.303pt>
File: Figures/TSNE/TSNE_per_appliance/all/scatter_all_television.png Graphic file (type png)
<use Figures/TSNE/TSNE_per_appliance/all/scatter_all_television.png>
Package pdftex.def Info: Figures/TSNE/TSNE_per_appliance/all/scatter_all_television.png  used on input line 330.
(pdftex.def)             Requested size: 484.83366pt x 325.8268pt.

Overfull \hbox (80.80458pt too wide) in paragraph at lines 330--332
 [][] 
 []

[54 </Users/jakob/Documents/mag/MSC/msc/Figures/TSNE/TSNE_per_appliance/all/img_scatter_allmicrowave.png>]
<Figures/TSNE/TSNE_per_appliance/all/img_scatter_alltelevision.png, id=1491, 4112.36375pt x 4142.47626pt>
File: Figures/TSNE/TSNE_per_appliance/all/img_scatter_alltelevision.png Graphic file (type png)
<use Figures/TSNE/TSNE_per_appliance/all/img_scatter_alltelevision.png>
Package pdftex.def Info: Figures/TSNE/TSNE_per_appliance/all/img_scatter_alltelevision.png  used on input line 349.
(pdftex.def)             Requested size: 363.6237pt x 366.23305pt.
 [55 </Users/jakob/Documents/mag/MSC/msc/Figures/TSNE/TSNE_per_appliance/all/scatter_all_television.png>]
<Figures/TSNE/TSNE_results/all/scatter_all_all_lgimgs.png, id=1497, 932.48375pt x 1075.01625pt>
File: Figures/TSNE/TSNE_results/all/scatter_all_all_lgimgs.png Graphic file (type png)
<use Figures/TSNE/TSNE_results/all/scatter_all_all_lgimgs.png>
Package pdftex.def Info: Figures/TSNE/TSNE_results/all/scatter_all_all_lgimgs.png  used on input line 362.
(pdftex.def)             Requested size: 484.83366pt x 558.94606pt.

Overfull \hbox (80.80458pt too wide) in paragraph at lines 362--364
 [][] 
 []

[56 </Users/jakob/Documents/mag/MSC/msc/Figures/TSNE/TSNE_per_appliance/all/img_scatter_alltelevision.png>]
<Figures/TSNE/TSNE_results/all/img_scatter_allall_lgimgs.png, id=1504, 5140.20375pt x 5145.2225pt>
File: Figures/TSNE/TSNE_results/all/img_scatter_allall_lgimgs.png Graphic file (type png)
<use Figures/TSNE/TSNE_results/all/img_scatter_allall_lgimgs.png>
Package pdftex.def Info: Figures/TSNE/TSNE_results/all/img_scatter_allall_lgimgs.png  used on input line 374.
(pdftex.def)             Requested size: 363.6237pt x 363.97084pt.
 [57 </Users/jakob/Documents/mag/MSC/msc/Figures/TSNE/TSNE_results/all/scatter_all_all_lgimgs.png>]
<Figures/TSNE/TSNE_results/all/scatter_all_all_reduced_max.png, id=1512, 860.32272pt x 517.04022pt>
File: Figures/TSNE/TSNE_results/all/scatter_all_all_reduced_max.png Graphic file (type png)
<use Figures/TSNE/TSNE_results/all/scatter_all_all_reduced_max.png>
Package pdftex.def Info: Figures/TSNE/TSNE_results/all/scatter_all_all_reduced_max.png  used on input line 385.
(pdftex.def)             Requested size: 444.43445pt x 267.09523pt.

Overfull \hbox (40.40536pt too wide) in paragraph at lines 385--387
 [][] 
 []

[58 </Users/jakob/Documents/mag/MSC/msc/Figures/TSNE/TSNE_results/all/img_scatter_allall_lgimgs.png>]
<Figures/TSNE/TSNE_results/all/img_scatter_allall_reduced_max.png, id=1519, 5154.25626pt x 5145.2225pt>
File: Figures/TSNE/TSNE_results/all/img_scatter_allall_reduced_max.png Graphic file (type png)
<use Figures/TSNE/TSNE_results/all/img_scatter_allall_reduced_max.png>
Package pdftex.def Info: Figures/TSNE/TSNE_results/all/img_scatter_allall_reduced_max.png  used on input line 409.
(pdftex.def)             Requested size: 363.6237pt x 362.95021pt.
 [59 </Users/jakob/Documents/mag/MSC/msc/Figures/TSNE/TSNE_results/all/scatter_all_all_reduced_max.png>]
<Figures/TSNE/TSNE_results/all/scatter_all_all_groups.png, id=1528, 874.36375pt x 517.04022pt>
File: Figures/TSNE/TSNE_results/all/scatter_all_all_groups.png Graphic file (type png)
<use Figures/TSNE/TSNE_results/all/scatter_all_all_groups.png>
Package pdftex.def Info: Figures/TSNE/TSNE_results/all/scatter_all_all_groups.png  used on input line 438.
(pdftex.def)             Requested size: 323.22449pt x 191.1362pt.
 [60 </Users/jakob/Documents/mag/MSC/msc/Figures/TSNE/TSNE_results/all/img_scatter_allall_reduced_max.png>]
<Figures/TSNE/TSNE_results/all/img_scatter_all_all_groups.png, id=1536, 5249.6125pt x 5234.55624pt>
File: Figures/TSNE/TSNE_results/all/img_scatter_all_all_groups.png Graphic file (type png)
<use Figures/TSNE/TSNE_results/all/img_scatter_all_all_groups.png>
Package pdftex.def Info: Figures/TSNE/TSNE_results/all/img_scatter_all_all_groups.png  used on input line 448.
(pdftex.def)             Requested size: 363.6237pt x 362.54262pt.
 [61 </Users/jakob/Documents/mag/MSC/msc/Figures/TSNE/TSNE_results/all/scatter_all_all_groups.png>]
<Figures/TSNE/TSNE_results/all/t-sne_zoomed.png, id=1543, 963.6pt x 542.025pt>
File: Figures/TSNE/TSNE_results/all/t-sne_zoomed.png Graphic file (type png)
<use Figures/TSNE/TSNE_results/all/t-sne_zoomed.png>
Package pdftex.def Info: Figures/TSNE/TSNE_results/all/t-sne_zoomed.png  used on input line 457.
(pdftex.def)             Requested size: 363.6237pt x 204.53255pt.
 [62 </Users/jakob/Documents/mag/MSC/msc/Figures/TSNE/TSNE_results/all/img_scatter_all_all_groups.png> </Users/jakob/Documents/mag/MSC/msc/Figures/TSNE/TSNE_results/all/t-sne_zoomed.png>]
<Figures/TSNE/TSNE_results_entropy/all/scatter_all_all.png, id=1549, 931.14732pt x 1100.05264pt>
File: Figures/TSNE/TSNE_results_entropy/all/scatter_all_all.png Graphic file (type png)
<use Figures/TSNE/TSNE_results_entropy/all/scatter_all_all.png>
Package pdftex.def Info: Figures/TSNE/TSNE_results_entropy/all/scatter_all_all.png  used on input line 470.
(pdftex.def)             Requested size: 323.22449pt x 381.85175pt.
<Figures/TSNE/TSNE_results_entropy/all/scatter_all_all_groups.png, id=1551, 874.36375pt x 517.04022pt>
File: Figures/TSNE/TSNE_results_entropy/all/scatter_all_all_groups.png Graphic file (type png)
<use Figures/TSNE/TSNE_results_entropy/all/scatter_all_all_groups.png>
Package pdftex.def Info: Figures/TSNE/TSNE_results_entropy/all/scatter_all_all_groups.png  used on input line 479.
(pdftex.def)             Requested size: 323.22449pt x 191.1362pt.
 [63 </Users/jakob/Documents/mag/MSC/msc/Figures/TSNE/TSNE_results_entropy/all/scatter_all_all.png>]
<Figures/TSNE/TSNE_results/refit/scatter_refit_8.png, id=1558, 643.40375pt x 367.3725pt>
File: Figures/TSNE/TSNE_results/refit/scatter_refit_8.png Graphic file (type png)
<use Figures/TSNE/TSNE_results/refit/scatter_refit_8.png>
Package pdftex.def Info: Figures/TSNE/TSNE_results/refit/scatter_refit_8.png  used on input line 493.
(pdftex.def)             Requested size: 323.22449pt x 184.56026pt.
<Figures/TSNE/TSNE_results/refit/img_scatter_refit8.png, id=1559, 2630.82875pt x 2598.70876pt>
File: Figures/TSNE/TSNE_results/refit/img_scatter_refit8.png Graphic file (type png)
<use Figures/TSNE/TSNE_results/refit/img_scatter_refit8.png>
Package pdftex.def Info: Figures/TSNE/TSNE_results/refit/img_scatter_refit8.png  used on input line 504.
(pdftex.def)             Requested size: 363.6237pt x 359.17734pt.
 [64 </Users/jakob/Documents/mag/MSC/msc/Figures/TSNE/TSNE_results_entropy/all/scatter_all_all_groups.png> </Users/jakob/Documents/mag/MSC/msc/Figures/TSNE/TSNE_results/refit/scatter_refit_8.png>] [65 </Users/jakob/Documents/mag/MSC/msc/Figures/TSNE/TSNE_results/refit/img_scatter_refit8.png>]
<Figures/TSNE/TSNE_BOA/refit/scatter_refit_all.png, id=1573, 807.015pt x 517.935pt>
File: Figures/TSNE/TSNE_BOA/refit/scatter_refit_all.png Graphic file (type png)
<use Figures/TSNE/TSNE_BOA/refit/scatter_refit_all.png>
Package pdftex.def Info: Figures/TSNE/TSNE_BOA/refit/scatter_refit_all.png  used on input line 548.
(pdftex.def)             Requested size: 323.22449pt x 207.43903pt.
<Figures/TSNE/TSNE_BOA/refit/img_scatter_refitall.png, id=1575, 3206.98125pt x 3218.0225pt>
File: Figures/TSNE/TSNE_BOA/refit/img_scatter_refitall.png Graphic file (type png)
<use Figures/TSNE/TSNE_BOA/refit/img_scatter_refitall.png>
Package pdftex.def Info: Figures/TSNE/TSNE_BOA/refit/img_scatter_refitall.png  used on input line 561.
(pdftex.def)             Requested size: 363.6237pt x 364.83534pt.
 [66 </Users/jakob/Documents/mag/MSC/msc/Figures/TSNE/TSNE_BOA/refit/scatter_refit_all.png>] [67 </Users/jakob/Documents/mag/MSC/msc/Figures/TSNE/TSNE_BOA/refit/img_scatter_refitall.png>]) [68]
\openout2 = `Chapters/Chapter7.aux'.

 (/Users/jakob/Documents/mag/MSC/msc/Chapters/Chapter7.tex
Chapter 9.
1: section
[69



]
LaTeX Font Info:    Font shape `U/msa/m/n' will be
(Font)              scaled to size 10.42007pt on input line 69.
LaTeX Font Info:    Font shape `U/msa/m/n' will be
(Font)              scaled to size 7.91925pt on input line 69.
LaTeX Font Info:    Font shape `U/msb/m/n' will be
(Font)              scaled to size 10.42007pt on input line 69.
LaTeX Font Info:    Font shape `U/msb/m/n' will be
(Font)              scaled to size 7.91925pt on input line 69.
 [70]
File: Figures/../Figures/LPS/PHPA.png Graphic file (type png)
<use Figures/../Figures/LPS/PHPA.png>
Package pdftex.def Info: Figures/../Figures/LPS/PHPA.png  used on input line 226.
(pdftex.def)             Requested size: 202.01454pt x 147.73819pt.
<Figures/../Figures/LPS/PHPA_EC.png, id=1611, 428.5611pt x 252.945pt>
File: Figures/../Figures/LPS/PHPA_EC.png Graphic file (type png)
<use Figures/../Figures/LPS/PHPA_EC.png>
Package pdftex.def Info: Figures/../Figures/LPS/PHPA_EC.png  used on input line 233.
(pdftex.def)             Requested size: 202.01454pt x 119.23538pt.

Overfull \hbox (4.16101pt too wide) in paragraph at lines 223--236
[]$[]$  $[]$ 
 []

[71]
<Figures/../Figures/EC/EC_anom_dect.png, id=1617, 1120.185pt x 392.46625pt>
File: Figures/../Figures/EC/EC_anom_dect.png Graphic file (type png)
<use Figures/../Figures/EC/EC_anom_dect.png>
Package pdftex.def Info: Figures/../Figures/EC/EC_anom_dect.png  used on input line 279.
(pdftex.def)             Requested size: 404.02908pt x 141.55722pt.
 [72 </Users/jakob/Documents/mag/MSC/msc/Figures/../Figures/LPS/PHPA_EC.png> </Users/jakob/Documents/mag/MSC/msc/Figures/../Figures/EC/EC_anom_dect.png>] [73]
<Figures/EC/refit_timeline.png, id=1638, 1043.9pt x 768.8725pt>
File: Figures/EC/refit_timeline.png Graphic file (type png)
<use Figures/EC/refit_timeline.png>
Package pdftex.def Info: Figures/EC/refit_timeline.png  used on input line 401.
(pdftex.def)             Requested size: 404.02908pt x 297.58305pt.
<Figures/EC/ukdale_timeline.png, id=1641, 1416.29124pt x 372.39125pt>
File: Figures/EC/ukdale_timeline.png Graphic file (type png)
<use Figures/EC/ukdale_timeline.png>
Package pdftex.def Info: Figures/EC/ukdale_timeline.png  used on input line 417.
(pdftex.def)             Requested size: 404.02908pt x 106.2292pt.
 [74 </Users/jakob/Documents/mag/MSC/msc/Figures/EC/refit_timeline.png>]
<Figures/EC/eco_timeline.png, id=1648, 1417.295pt x 338.26375pt>
File: Figures/EC/eco_timeline.png Graphic file (type png)
<use Figures/EC/eco_timeline.png>
Package pdftex.def Info: Figures/EC/eco_timeline.png  used on input line 430.
(pdftex.def)             Requested size: 404.02908pt x 96.4268pt.
 [75 </Users/jakob/Documents/mag/MSC/msc/Figures/EC/ukdale_timeline.png> </Users/jakob/Documents/mag/MSC/msc/Figures/EC/eco_timeline.png>]

Package caption Warning: \label without proper reference on input line 506.
See the caption package documentation for explanation.


LaTeX Warning: Reference `fig:ec_week' on page 76 undefined on input line 473.

<Figures/../Figures/EC/b2week.png, id=1659, 481.3182pt x 348.8232pt>
File: Figures/../Figures/EC/b2week.png Graphic file (type png)
<use Figures/../Figures/EC/b2week.png>
Package pdftex.def Info: Figures/../Figures/EC/b2week.png  used on input line 481.
(pdftex.def)             Requested size: 202.01454pt x 146.40361pt.
<Figures/../Figures/EC/b19week.png, id=1660, 481.3182pt x 348.8232pt>
File: Figures/../Figures/EC/b19week.png Graphic file (type png)
<use Figures/../Figures/EC/b19week.png>
Package pdftex.def Info: Figures/../Figures/EC/b19week.png  used on input line 488.
(pdftex.def)             Requested size: 202.01454pt x 146.40361pt.

Overfull \hbox (4.16101pt too wide) in paragraph at lines 478--492
[]$[]$  $[]$ 
 []

<Figures/../Figures/EC/b18week.png, id=1661, 481.3182pt x 348.8232pt>
File: Figures/../Figures/EC/b18week.png Graphic file (type png)
<use Figures/../Figures/EC/b18week.png>
Package pdftex.def Info: Figures/../Figures/EC/b18week.png  used on input line 496.
(pdftex.def)             Requested size: 202.01454pt x 146.40361pt.
<Figures/../Figures/EC/b5weekd.png, id=1662, 481.3182pt x 348.8232pt>
File: Figures/../Figures/EC/b5weekd.png Graphic file (type png)
<use Figures/../Figures/EC/b5weekd.png>
Package pdftex.def Info: Figures/../Figures/EC/b5weekd.png  used on input line 503.
(pdftex.def)             Requested size: 202.01454pt x 146.40361pt.

Overfull \hbox (4.16101pt too wide) in paragraph at lines 493--507
[]$[]$  $[]$[] 
 []

[76]

Package caption Warning: \label without proper reference on input line 555.
See the caption package documentation for explanation.


LaTeX Warning: Reference `fig:ec_year' on page 77 undefined on input line 520.

<Figures/../Figures/EC/b2year.png, id=1668, 487.5816pt x 348.8232pt>
File: Figures/../Figures/EC/b2year.png Graphic file (type png)
<use Figures/../Figures/EC/b2year.png>
Package pdftex.def Info: Figures/../Figures/EC/b2year.png  used on input line 530.
(pdftex.def)             Requested size: 202.01454pt x 144.52473pt.
<Figures/../Figures/EC/b19year.png, id=1669, 487.5816pt x 348.8232pt>
File: Figures/../Figures/EC/b19year.png Graphic file (type png)
<use Figures/../Figures/EC/b19year.png>
Package pdftex.def Info: Figures/../Figures/EC/b19year.png  used on input line 537.
(pdftex.def)             Requested size: 202.01454pt x 144.52473pt.

Overfull \hbox (4.16101pt too wide) in paragraph at lines 527--541
[]$[]$  $[]$ 
 []

<Figures/../Figures/EC/b18year.png, id=1670, 487.5816pt x 348.8232pt>
File: Figures/../Figures/EC/b18year.png Graphic file (type png)
<use Figures/../Figures/EC/b18year.png>
Package pdftex.def Info: Figures/../Figures/EC/b18year.png  used on input line 545.
(pdftex.def)             Requested size: 202.01454pt x 144.52473pt.
<Figures/../Figures/EC/b5year.png, id=1671, 487.5816pt x 348.8232pt>
File: Figures/../Figures/EC/b5year.png Graphic file (type png)
<use Figures/../Figures/EC/b5year.png>
Package pdftex.def Info: Figures/../Figures/EC/b5year.png  used on input line 552.
(pdftex.def)             Requested size: 202.01454pt x 144.52473pt.

Overfull \hbox (4.16101pt too wide) in paragraph at lines 542--556
[]$[]$  $[]$[] 
 []

[77 </Users/jakob/Documents/mag/MSC/msc/Figures/../Figures/EC/b2week.png> </Users/jakob/Documents/mag/MSC/msc/Figures/../Figures/EC/b19week.png> </Users/jakob/Documents/mag/MSC/msc/Figures/../Figures/EC/b18week.png> </Users/jakob/Documents/mag/MSC/msc/Figures/../Figures/EC/b5weekd.png>]
Overfull \hbox (13.77371pt too wide) in paragraph at lines 561--562
\T1/ppl/m/n/10.95 The fol-low-ing sub-sec-tion will show how the ef-fec-tive-ness of anomaly de-tec-tion changes
 []

<Figures/EC/ignored_buckets_dist.png, id=1683, 383.7537pt x 277.9986pt>
File: Figures/EC/ignored_buckets_dist.png Graphic file (type png)
<use Figures/EC/ignored_buckets_dist.png>
Package pdftex.def Info: Figures/EC/ignored_buckets_dist.png  used on input line 580.
(pdftex.def)             Requested size: 323.22449pt x 234.14926pt.
[78 </Users/jakob/Documents/mag/MSC/msc/Figures/../Figures/EC/b2year.png> </Users/jakob/Documents/mag/MSC/msc/Figures/../Figures/EC/b19year.png> </Users/jakob/Documents/mag/MSC/msc/Figures/../Figures/EC/b18year.png> </Users/jakob/Documents/mag/MSC/msc/Figures/../Figures/EC/b5year.png>]
<Figures/EC/all_ignored_buckets_dist_incl_act.png, id=1693, 406.6392pt x 277.9986pt>
File: Figures/EC/all_ignored_buckets_dist_incl_act.png Graphic file (type png)
<use Figures/EC/all_ignored_buckets_dist_incl_act.png>
Package pdftex.def Info: Figures/EC/all_ignored_buckets_dist_incl_act.png  used on input line 591.
(pdftex.def)             Requested size: 323.22449pt x 220.97813pt.
 [79 </Users/jakob/Documents/mag/MSC/msc/Figures/EC/ignored_buckets_dist.png> </Users/jakob/Documents/mag/MSC/msc/Figures/EC/all_ignored_buckets_dist_incl_act.png>]
<Figures/EC/refit_res.png, id=1703, 487.5816pt x 348.8232pt>
File: Figures/EC/refit_res.png Graphic file (type png)
<use Figures/EC/refit_res.png>
Package pdftex.def Info: Figures/EC/refit_res.png  used on input line 638.
(pdftex.def)             Requested size: 323.22449pt x 231.24596pt.
 [80 </Users/jakob/Documents/mag/MSC/msc/Figures/EC/refit_res.png>]
<Figures/EC/refit_res2.png, id=1710, 487.5816pt x 348.8232pt>
File: Figures/EC/refit_res2.png Graphic file (type png)
<use Figures/EC/refit_res2.png>
Package pdftex.def Info: Figures/EC/refit_res2.png  used on input line 650.
(pdftex.def)             Requested size: 323.22449pt x 231.24596pt.
<Figures/EC/refit_res_nw_1.png, id=1713, 487.5816pt x 348.8232pt>
File: Figures/EC/refit_res_nw_1.png Graphic file (type png)
<use Figures/EC/refit_res_nw_1.png>
Package pdftex.def Info: Figures/EC/refit_res_nw_1.png  used on input line 662.
(pdftex.def)             Requested size: 323.22449pt x 231.24596pt.
 [81 </Users/jakob/Documents/mag/MSC/msc/Figures/EC/refit_res2.png> </Users/jakob/Documents/mag/MSC/msc/Figures/EC/refit_res_nw_1.png>]
<Figures/EC/refit_res_nw_2.png, id=1721, 487.5816pt x 348.8232pt>
File: Figures/EC/refit_res_nw_2.png Graphic file (type png)
<use Figures/EC/refit_res_nw_2.png>
Package pdftex.def Info: Figures/EC/refit_res_nw_2.png  used on input line 674.
(pdftex.def)             Requested size: 323.22449pt x 231.24596pt.
<Figures/EC/ukdale_res.png, id=1724, 487.5816pt x 348.8232pt>
File: Figures/EC/ukdale_res.png Graphic file (type png)
<use Figures/EC/ukdale_res.png>
Package pdftex.def Info: Figures/EC/ukdale_res.png  used on input line 687.
(pdftex.def)             Requested size: 282.81912pt x 202.33888pt.
<Figures/EC/ukdale_nw_res.png, id=1725, 487.5816pt x 348.8232pt>
File: Figures/EC/ukdale_nw_res.png Graphic file (type png)
<use Figures/EC/ukdale_nw_res.png>
Package pdftex.def Info: Figures/EC/ukdale_nw_res.png  used on input line 697.
(pdftex.def)             Requested size: 282.81912pt x 202.33888pt.
 [82 </Users/jakob/Documents/mag/MSC/msc/Figures/EC/refit_res_nw_2.png> </Users/jakob/Documents/mag/MSC/msc/Figures/EC/ukdale_res.png>]
<Figures/EC/eco_res_nw_1.png, id=1734, 487.5816pt x 348.8232pt>
File: Figures/EC/eco_res_nw_1.png Graphic file (type png)
<use Figures/EC/eco_res_nw_1.png>
Package pdftex.def Info: Figures/EC/eco_res_nw_1.png  used on input line 710.
(pdftex.def)             Requested size: 282.81912pt x 202.33888pt.
<Figures/EC/eco_res.png, id=1736, 487.5816pt x 348.8232pt>
File: Figures/EC/eco_res.png Graphic file (type png)
<use Figures/EC/eco_res.png>
Package pdftex.def Info: Figures/EC/eco_res.png  used on input line 719.
(pdftex.def)             Requested size: 282.81912pt x 202.33888pt.
 [83 </Users/jakob/Documents/mag/MSC/msc/Figures/EC/ukdale_nw_res.png> </Users/jakob/Documents/mag/MSC/msc/Figures/EC/eco_res_nw_1.png>] [84 </Users/jakob/Documents/mag/MSC/msc/Figures/EC/eco_res.png>]
<Figures/EC/DYN/tst_tr_b1.png, id=1753, 390.258pt x 254.3904pt>
File: Figures/EC/DYN/tst_tr_b1.png Graphic file (type png)
<use Figures/EC/DYN/tst_tr_b1.png>
Package pdftex.def Info: Figures/EC/DYN/tst_tr_b1.png  used on input line 818.
(pdftex.def)             Requested size: 282.81912pt x 184.35649pt.
 [85]
<Figures/EC/DYN/data_used_for_training_all.png, id=1759, 444.2196pt x 287.1528pt>
File: Figures/EC/DYN/data_used_for_training_all.png Graphic file (type png)
<use Figures/EC/DYN/data_used_for_training_all.png>
Package pdftex.def Info: Figures/EC/DYN/data_used_for_training_all.png  used on input line 828.
(pdftex.def)             Requested size: 282.81912pt x 182.83073pt.
<Figures/EC/DYN/data_used_for_training_removed_short.png, id=1761, 444.2196pt x 277.9986pt>
File: Figures/EC/DYN/data_used_for_training_removed_short.png Graphic file (type png)
<use Figures/EC/DYN/data_used_for_training_removed_short.png>
Package pdftex.def Info: Figures/EC/DYN/data_used_for_training_removed_short.png  used on input line 837.
(pdftex.def)             Requested size: 282.81912pt x 177.00223pt.
 [86 </Users/jakob/Documents/mag/MSC/msc/Figures/EC/DYN/tst_tr_b1.png> </Users/jakob/Documents/mag/MSC/msc/Figures/EC/DYN/data_used_for_training_all.png>]
<Figures/EC/DYN/data_used_for_testing.png, id=1769, 431.211pt x 277.9986pt>
File: Figures/EC/DYN/data_used_for_testing.png Graphic file (type png)
<use Figures/EC/DYN/data_used_for_testing.png>
Package pdftex.def Info: Figures/EC/DYN/data_used_for_testing.png  used on input line 850.
(pdftex.def)             Requested size: 282.81912pt x 182.33856pt.
<Figures/EC/DYN/efect_of_data_on_metric.png, id=1772, 444.2196pt x 277.9986pt>
File: Figures/EC/DYN/efect_of_data_on_metric.png Graphic file (type png)
<use Figures/EC/DYN/efect_of_data_on_metric.png>
Package pdftex.def Info: Figures/EC/DYN/efect_of_data_on_metric.png  used on input line 864.
(pdftex.def)             Requested size: 282.81912pt x 177.00223pt.
 [87 </Users/jakob/Documents/mag/MSC/msc/Figures/EC/DYN/data_used_for_training_removed_short.png> </Users/jakob/Documents/mag/MSC/msc/Figures/EC/DYN/data_used_for_testing.png>]
<Figures/EC/DYN/1_year_of_iterative_learning_avg.png, id=1781, 449.5194pt x 277.9986pt>
File: Figures/EC/DYN/1_year_of_iterative_learning_avg.png Graphic file (type png)
<use Figures/EC/DYN/1_year_of_iterative_learning_avg.png>
Package pdftex.def Info: Figures/EC/DYN/1_year_of_iterative_learning_avg.png  used on input line 876.
(pdftex.def)             Requested size: 282.81912pt x 174.91096pt.
 [88 </Users/jakob/Documents/mag/MSC/msc/Figures/EC/DYN/efect_of_data_on_metric.png> </Users/jakob/Documents/mag/MSC/msc/Figures/EC/DYN/1_year_of_iterative_learning_avg.png>]) [89]
\openout2 = `Chapters/Chapter9.aux'.

 (/Users/jakob/Documents/mag/MSC/msc/Chapters/Chapter9.tex [90



]
Chapter 10.
1: section
[91]) [92]
\openout2 = `Appendices/AppendixA.aux'.

 (/Users/jakob/Documents/mag/MSC/msc/Appendices/AppendixA.tex
Appendix A.
LaTeX Font Info:    Trying to load font information for T1+cmtt on input line 10.
(/usr/local/texlive/2020/texmf-dist/tex/latex/base/t1cmtt.fd
File: t1cmtt.fd 2019/12/16 v2.5j Standard LaTeX font definitions
)
Underfull \hbox (badness 10000) in paragraph at lines 14--16

 []


Underfull \hbox (badness 10000) in paragraph at lines 17--18

 []


Overfull \hbox (3.87363pt too wide) in paragraph at lines 19--21
[][]$\T1/cmtt/m/n/10.95 https : / / github . com / jenkoj / appliance-[]profiling / blob / main / profilng _ slices .
 []


Underfull \hbox (badness 10000) in paragraph at lines 19--21

 []


Overfull \hbox (3.87363pt too wide) in paragraph at lines 22--24
[][]$\T1/cmtt/m/n/10.95 https : / / github . com / jenkoj / appliance-[]profiling / blob / main / profilng _ slices .
 []


Underfull \hbox (badness 10000) in paragraph at lines 22--24

 []


Overfull \hbox (15.19037pt too wide) in paragraph at lines 25--27
[][]$\T1/cmtt/m/n/10.95 https : / / github . com / jenkoj / appliance-[]profiling / blob / main / elderly _ care _ demo .
 []


Underfull \hbox (badness 10000) in paragraph at lines 25--27

 []


Underfull \hbox (badness 10000) in paragraph at lines 30--32

 []


Underfull \hbox (badness 10000) in paragraph at lines 35--38

 []

1: section
[93



]
Overfull \hbox (3.37363pt too wide) in paragraph at lines 39--40
[][]$\T1/cmtt/m/n/10.95 https : / / github . com / jenkoj / msc / blob / main / Appendices / datasets _ and _ sources .
 []


Underfull \hbox (badness 10000) in paragraph at lines 39--40

 []


Underfull \hbox (badness 10000) in paragraph at lines 41--43

 []


Overfull \hbox (9.532pt too wide) in paragraph at lines 44--46
[][]$\T1/cmtt/m/n/10.95 https : / / drive . google . com / drive / folders / 1tIsG-[]bqxoJdbU1p8xa _ LCTaKNSk _ LylZ ?
 []


Underfull \hbox (badness 10000) in paragraph at lines 44--46

 []

) [94]
Overfull \hbox (2.45674pt too wide) in paragraph at lines 401--401
[][]$\T1/cmtt/m/n/10.95 https : / / www . sciencedirect . com / science / article / pii / S0378779608001272$[][]\T1/ppl/m/n/10.95 . 
 []


Overfull \hbox (3.44635pt too wide) in paragraph at lines 401--401
[][]\T1/ppl/m/n/10.95 Archiga, A. et al. (2016). ^^P  Com-par-i-son of Di-men-sion-al-ity Re-duc-tion Tech-niques
 []

1: section
[95


]
Overfull \hbox (6.37303pt too wide) in paragraph at lines 401--401
\T1/cmtt/m/n/10.95 doi . org / 10 . 1016 / j . enbuild . 2019 . 05 . 009$[][]\T1/ppl/m/n/10.95 . \T1/ppl/m/sc/10.95 url\T1/ppl/m/n/10.95 : [][]$\T1/cmtt/m/n/10.95 https : / / www . sciencedirect .
 []


Overfull \hbox (1.48178pt too wide) in paragraph at lines 401--401
[][]\T1/ppl/m/n/10.95 Fischer, David, Hrtl, An-dreas, and Wille-Haussmann, Bern-hard (2015). ^^P  Model
 []

[96] [97]
Overfull \hbox (8.96361pt too wide) in paragraph at lines 401--401
[][]\T1/ppl/m/n/10.95 McKinney, Wes et al. (2010). ^^P  Data struc-tures for sta-tis-ti-cal com-put-ing in python^^Q.
 []

[98]
Overfull \hbox (19.85939pt too wide) in paragraph at lines 401--401
[][]\T1/ppl/m/n/10.95 Spataru, Catalina and Gau-thier, Stephanie (2014). ^^P  How to mon-i-tor peo-ple `smartly'
 []

[99] [100]
Package atveryend Info: Empty hook `BeforeClearDocument' on input line 405.
Package atveryend Info: Empty hook `AfterLastShipout' on input line 405.
 (/Users/jakob/Documents/mag/MSC/msc/main.aux (/Users/jakob/Documents/mag/MSC/msc/Chapters/Chapter1.aux) (/Users/jakob/Documents/mag/MSC/msc/Chapters/Chapter2.aux) (/Users/jakob/Documents/mag/MSC/msc/Chapters/Chapter3.aux) (/Users/jakob/Documents/mag/MSC/msc/Chapters/Chapter4.aux) (/Users/jakob/Documents/mag/MSC/msc/Chapters/Chapter5.aux) (/Users/jakob/Documents/mag/MSC/msc/Chapters/Chapter10.aux) (/Users/jakob/Documents/mag/MSC/msc/Chapters/Chapter6.aux) (/Users/jakob/Documents/mag/MSC/msc/Chapters/Chapter8.aux) (/Users/jakob/Documents/mag/MSC/msc/Chapters/Chapter7.aux) (/Users/jakob/Documents/mag/MSC/msc/Chapters/Chapter9.aux) (/Users/jakob/Documents/mag/MSC/msc/Appendices/AppendixA.aux))
Package atveryend Info: Executing hook `AtVeryEndDocument' on input line 405.
Package atveryend Info: Executing hook `AtEndAfterFileList' on input line 405.
Package rerunfilecheck Info: File `main.out' has not changed.
(rerunfilecheck)             Checksum: 7F77848FD9DCFB9D45E754B0A1A91F1D;15623.


LaTeX Warning: There were undefined references.


LaTeX Warning: There were multiply-defined labels.

Package logreq Info: Writing requests to 'main.run.xml'.
\openout1 = `main.run.xml'.

 ) 
Here is how much of TeX's memory you used:
 40109 strings out of 480608
 844027 string characters out of 5903631
 1490629 words of memory out of 5000000
 54824 multiletter control sequences out of 15000+600000
 591174 words of font info for 127 fonts, out of 8000000 for 9000
 1141 hyphenation exceptions out of 8191
 64i,21n,83p,2290b,3037s stack positions out of 5000i,500n,10000p,200000b,80000s
{/usr/local/texlive/2020/texmf-dist/fonts/enc/dvips/cm-super/cm-super-t1.enc}{/usr/local/texlive/2020/texmf-dist/fonts/enc/dvips/base/8r.enc}</usr/local/texlive/2020/texmf-dist/fonts/type1/public/amsfonts/cm/cmr10.pfb></usr/local/texlive/2020/texmf-dist/fonts/type1/public/mathpazo/fplmri.pfb></usr/local/texlive/2020/texmf-dist/fonts/type1/public/cm-super/sftt1095.pfb></usr/local/texlive/2020/texmf-dist/fonts/type1/urw/palatino/uplb8a.pfb></usr/local/texlive/2020/texmf-dist/fonts/type1/urw/palatino/uplr8a.pfb></usr/local/texlive/2020/texmf-dist/fonts/type1/urw/palatino/uplr8a.pfb></usr/local/texlive/2020/texmf-dist/fonts/type1/urw/palatino/uplri8a.pfb>
Output written on /Users/jakob/Documents/mag/MSC/msc/main.pdf (122 pages, 25510389 bytes).
PDF statistics:
 2110 PDF objects out of 2487 (max. 8388607)
 1803 compressed objects within 19 object streams
 392 named destinations out of 1000 (max. 500000)
 1218 words of extra memory for PDF output out of 10000 (max. 10000000)

