\BOOKMARK [0][-]{section*.1}{\376\377\000D\000e\000c\000l\000a\000r\000a\000t\000i\000o\000n\000\040\000o\000f\000\040\000A\000u\000t\000h\000o\000r\000s\000h\000i\000p}{}% 1
\BOOKMARK [0][-]{chapter.2}{\376\377\000I\000n\000t\000r\000o\000d\000u\000c\000t\000i\000o\000n}{}% 2
\BOOKMARK [0][-]{chapter.3}{\376\377\000D\000e\000f\000i\000n\000i\000t\000i\000o\000n\000s}{}% 3
\BOOKMARK [0][-]{chapter.5}{\376\377\000R\000e\000l\000a\000t\000e\000d\000\040\000w\000o\000r\000k}{}% 4
\BOOKMARK [1][-]{section.6}{\376\377\000L\000o\000a\000d\000\040\000p\000r\000o\000f\000i\000l\000i\000n\000g}{chapter.5}% 5
\BOOKMARK [1][-]{section.8}{\376\377\000A\000n\000o\000m\000a\000l\000y\000\040\000d\000e\000t\000e\000c\000t\000i\000o\000n\000\040\000i\000n\000\040\000b\000u\000i\000l\000d\000i\000n\000g\000\040\000e\000n\000e\000r\000g\000y\000\040\000c\000o\000n\000s\000u\000m\000p\000t\000i\000o\000n\000\040\000d\000a\000t\000a}{chapter.5}% 6
\BOOKMARK [1][-]{section.9}{\376\377\000T\000a\000b\000l\000e\000\040\000o\000f\000\040\000p\000r\000o\000f\000i\000l\000e\000s}{chapter.5}% 7
\BOOKMARK [2][-]{subsection.10}{\376\377\000F\000e\000a\000t\000u\000r\000e\000\040\000s\000e\000t}{section.9}% 8
\BOOKMARK [2][-]{subsection.11}{\376\377\000G\000e\000n\000e\000r\000a\000l\000\040\000t\000a\000b\000l\000e}{section.9}% 9
\BOOKMARK [2][-]{subsection.13}{\376\377\000D\000e\000t\000a\000i\000l\000e\000d\000\040\000t\000a\000b\000l\000e}{section.9}% 10
\BOOKMARK [3][-]{section*.14}{\376\377\000S\000u\000b\000-\000f\000e\000a\000t\000u\000r\000e\000s}{subsection.13}% 11
\BOOKMARK [3][-]{section*.15}{\376\377\000S\000k\000e\000t\000c\000h\000e\000s\000\040\000o\000f\000\040\000l\000o\000a\000d\000\040\000p\000r\000o\000f\000i\000l\000e\000s}{subsection.13}% 12
\BOOKMARK [2][-]{subsection.22}{\376\377\000T\000a\000b\000l\000e\000\040\000o\000f\000\040\000c\000o\000m\000b\000i\000n\000a\000t\000i\000o\000n\000s\000\040\000o\000r\000\040\000d\000e\000t\000a\000i\000l\000e\000d\000\040\000t\000a\000b\000l\000e}{section.9}% 13
\BOOKMARK [2][-]{subsection.24}{\376\377\000M\000a\000p\000p\000i\000n\000g\000\040\000r\000e\000f\000e\000r\000e\000n\000c\000e\000s\000\040\000t\000o\000\040\000t\000h\000e\000\040\000t\000a\000b\000l\000e\000\040\000o\000f\000\040\000p\000r\000o\000f\000i\000l\000e\000s}{section.9}% 14
\BOOKMARK [2][-]{subsection.26}{\376\377\000M\000a\000p\000p\000i\000n\000g\000\040\000u\000s\000e\000-\000c\000a\000s\000e\000s\000\040\000t\000o\000\040\000t\000h\000e\000\040\000t\000a\000b\000l\000e\000\040\000o\000f\000\040\000c\000o\000m\000b\000i\000n\000a\000t\000i\000o\000n\000s}{section.9}% 15
\BOOKMARK [2][-]{subsection.28}{\376\377\000T\000a\000b\000l\000e\000\040\000o\000f\000\040\000u\000s\000e\000\040\000c\000a\000s\000e\000\040\000g\000r\000o\000u\000p\000s}{section.9}% 16
\BOOKMARK [2][-]{subsection.31}{\376\377\000T\000a\000b\000l\000e\000\040\000o\000f\000\040\000l\000o\000a\000d\000\040\000p\000r\000o\000f\000i\000l\000e\000\040\000p\000o\000t\000e\000n\000t\000i\000a\000l\000s}{section.9}% 17
\BOOKMARK [2][-]{subsection.33}{\376\377\000T\000a\000b\000l\000e\000\040\000o\000f\000\040\000p\000o\000s\000s\000i\000b\000l\000e\000\040\000f\000u\000t\000u\000r\000e\000\040\000r\000e\000s\000e\000a\000r\000c\000h\000\040\000d\000i\000r\000e\000c\000t\000i\000o\000n\000s}{section.9}% 18
\BOOKMARK [0][-]{chapter.36}{\376\377\000P\000o\000s\000s\000i\000b\000l\000e\000\040\000u\000s\000e\000\040\000c\000a\000s\000e\000s}{}% 19
\BOOKMARK [1][-]{section.37}{\376\377\000G\000r\000i\000d\000\040\000m\000a\000n\000a\000g\000e\000m\000e\000n\000t}{chapter.36}% 20
\BOOKMARK [2][-]{subsection.38}{\376\377\000Z\000e\000r\000o\000\040\000e\000n\000e\000r\000g\000y\000\040\000b\000u\000i\000l\000d\000i\000n\000g\000s\000\040\000a\000n\000d\000\040\000e\000n\000e\000r\000g\000y\000\040\000s\000a\000v\000i\000n\000g}{section.37}% 21
\BOOKMARK [2][-]{subsection.39}{\376\377\000D\000e\000m\000a\000n\000d\000\040\000r\000e\000s\000p\000o\000n\000s\000e}{section.37}% 22
\BOOKMARK [1][-]{section.40}{\376\377\000A\000n\000o\000m\000a\000l\000y\000\040\000d\000e\000t\000e\000c\000t\000i\000o\000n}{chapter.36}% 23
\BOOKMARK [2][-]{subsection.41}{\376\377\000E\000l\000d\000e\000r\000l\000y\000\040\000c\000a\000r\000e}{section.40}% 24
\BOOKMARK [1][-]{section.42}{\376\377\000O\000t\000h\000e\000r}{chapter.36}% 25
\BOOKMARK [0][-]{chapter.43}{\376\377\000C\000o\000n\000t\000r\000i\000b\000u\000t\000i\000o\000n\000s}{}% 26
\BOOKMARK [0][-]{chapter.45}{\376\377\000P\000r\000e\000s\000e\000n\000t\000i\000n\000g\000\040\000p\000r\000o\000p\000o\000s\000e\000d\000\040\000p\000r\000o\000f\000i\000l\000e\000s}{}% 27
\BOOKMARK [1][-]{section.46}{\376\377\000T\000i\000m\000e\000\040\000r\000a\000n\000g\000e\000s}{chapter.45}% 28
\BOOKMARK [1][-]{section.47}{\376\377\000P\000e\000r\000-\000b\000u\000i\000l\000d\000i\000n\000g}{chapter.45}% 29
\BOOKMARK [2][-]{subsection.49}{\376\377\000P\000e\000r\000-\000b\000u\000i\000l\000d\000i\000n\000g\000\040\000t\000w\000o\000-\000d\000i\000m\000e\000n\000s\000i\000o\000n\000a\000l\000\040\000t\000i\000m\000e}{section.47}% 30
\BOOKMARK [1][-]{section.51}{\376\377\000P\000e\000r\000-\000a\000p\000p\000l\000i\000a\000n\000c\000e}{chapter.45}% 31
\BOOKMARK [2][-]{subsection.57}{\376\377\000T\000w\000o\000-\000d\000i\000m\000e\000n\000s\000i\000o\000n\000a\000l\000\040\000t\000i\000m\000e\000\040\000p\000e\000r\000-\000a\000p\000p\000l\000i\000a\000n\000c\000e\000\040\000l\000o\000a\000d\000\040\000p\000r\000o\000f\000i\000l\000e\000s}{section.51}% 32
\BOOKMARK [3][-]{section*.59}{\376\377\000O\000t\000h\000e\000r\000\040\000t\000w\000o\000-\000d\000i\000m\000e\000n\000s\000i\000o\000n\000a\000l\000\040\000p\000r\000e\000s\000e\000n\000t\000a\000t\000i\000o\000n\000s}{subsection.57}% 33
\BOOKMARK [1][-]{section.62}{\376\377\000P\000e\000r\000-\000b\000u\000i\000l\000d\000i\000n\000g\000\040\000p\000e\000r\000-\000a\000p\000p\000l\000i\000a\000n\000c\000e}{chapter.45}% 34
\BOOKMARK [1][-]{section.66}{\376\377\000C\000o\000n\000c\000l\000u\000s\000i\000o\000n}{chapter.45}% 35
\BOOKMARK [0][-]{chapter.67}{\376\377\000t\000-\000S\000N\000E}{}% 36
\BOOKMARK [1][-]{section.68}{\376\377\000I\000n\000t\000r\000o\000d\000u\000c\000t\000i\000o\000n}{chapter.67}% 37
\BOOKMARK [1][-]{section.69}{\376\377\000G\000o\000a\000l\000s}{chapter.67}% 38
\BOOKMARK [1][-]{section.70}{\376\377\000M\000e\000t\000h\000o\000d\000o\000l\000o\000g\000y}{chapter.67}% 39
\BOOKMARK [2][-]{subsection.71}{\376\377\000L\000o\000a\000d\000\040\000p\000r\000o\000f\000i\000l\000e\000s}{section.70}% 40
\BOOKMARK [3][-]{section*.72}{\376\377\000W\000e\000e\000k\000l\000y\000-\000d\000a\000i\000l\000y\000\040\000l\000o\000a\000d\000\040\000p\000r\000o\000f\000i\000l\000e}{subsection.71}% 41
\BOOKMARK [3][-]{section*.74}{\376\377\000B\000a\000g\000\040\000o\000f\000\040\000a\000p\000p\000l\000i\000a\000n\000c\000e\000s\000\040\000l\000o\000a\000d\000\040\000p\000r\000o\000f\000i\000l\000e}{subsection.71}% 42
\BOOKMARK [3][-]{section*.76}{\376\377\000S\000a\000m\000p\000l\000e\000s}{subsection.71}% 43
\BOOKMARK [2][-]{subsection.77}{\376\377\000D\000a\000t\000a\000s\000e\000t\000s}{section.70}% 44
\BOOKMARK [2][-]{subsection.78}{\376\377\000t\000-\000S\000N\000E\000\040\000a\000l\000g\000o\000r\000i\000t\000h\000m}{section.70}% 45
\BOOKMARK [2][-]{subsection.79}{\376\377\000T\000o\000o\000l\000s\000\040\000u\000s\000e\000d}{section.70}% 46
\BOOKMARK [1][-]{section.80}{\376\377\000R\000e\000s\000u\000l\000t\000s}{chapter.67}% 47
\BOOKMARK [2][-]{subsection.81}{\376\377\000R\000e\000s\000u\000l\000t\000s\000\040\000f\000o\000r\000\040\000p\000e\000r\000-\000b\000u\000i\000l\000d\000i\000n\000g\000\040\000l\000o\000a\000d\000\040\000p\000r\000o\000f\000i\000l\000e\000s}{section.80}% 48
\BOOKMARK [3][-]{section*.84}{\376\377\000N\000o\000r\000m\000a\000l\000i\000z\000e\000d\000\040\000l\000o\000a\000d\000\040\000p\000r\000o\000f\000i\000l\000e\000s}{subsection.81}% 49
\BOOKMARK [2][-]{subsection.87}{\376\377\000P\000e\000r\000-\000a\000p\000p\000l\000i\000a\000n\000c\000e}{section.80}% 50
\BOOKMARK [3][-]{section*.88}{\376\377\000S\000i\000n\000g\000l\000e\000\040\000a\000p\000p\000l\000i\000a\000n\000c\000e\000\040\000o\000v\000e\000r\000\040\000m\000a\000n\000y\000\040\000b\000u\000i\000l\000d\000i\000n\000g\000s}{subsection.87}% 51
\BOOKMARK [3][-]{section*.97}{\376\377\000P\000e\000r\000-\000a\000p\000p\000l\000i\000a\000n\000c\000e\000\040\000l\000o\000a\000d\000\040\000p\000r\000o\000f\000i\000l\000e\000s\000\040\000-\000\040\000c\000o\000m\000p\000a\000r\000i\000n\000g\000\040\000a\000p\000p\000l\000i\000a\000n\000c\000e\000s}{subsection.87}% 52
\BOOKMARK [3][-]{section*.107}{\376\377\000C\000o\000m\000p\000a\000r\000i\000n\000g\000\040\000a\000p\000p\000l\000i\000a\000n\000c\000e\000s\000\040\000i\000n\000\040\000a\000\040\000b\000u\000i\000l\000d\000i\000n\000g}{subsection.87}% 53
\BOOKMARK [2][-]{subsection.110}{\376\377\000P\000e\000r\000-\000a\000p\000p\000l\000i\000a\000n\000c\000e\000\040\000p\000e\000r\000-\000b\000u\000i\000l\000d\000i\000n\000g}{section.80}% 54
\BOOKMARK [3][-]{section*.111}{\376\377\000B\000a\000g\000\040\000o\000f\000\040\000a\000p\000p\000l\000i\000a\000n\000c\000e\000s}{subsection.110}% 55
\BOOKMARK [1][-]{section.114}{\376\377\000D\000i\000s\000c\000u\000s\000s\000i\000o\000n}{chapter.67}% 56
\BOOKMARK [1][-]{section.115}{\376\377\000C\000o\000n\000c\000l\000u\000s\000i\000o\000n}{chapter.67}% 57
\BOOKMARK [0][-]{chapter.116}{\376\377\000E\000l\000d\000e\000r\000l\000y\000\040\000c\000a\000r\000e\000\040\000d\000e\000m\000o}{}% 58
\BOOKMARK [1][-]{section.117}{\376\377\000G\000o\000a\000l}{chapter.116}% 59
\BOOKMARK [1][-]{section.118}{\376\377\000M\000e\000t\000h\000o\000d\000o\000l\000o\000g\000y}{chapter.116}% 60
\BOOKMARK [2][-]{subsection.119}{\376\377\000D\000e\000f\000i\000n\000i\000n\000g\000\040\000a\000n\000\040\000a\000n\000o\000m\000a\000l\000y}{section.118}% 61
\BOOKMARK [2][-]{subsection.120}{\376\377\000B\000u\000i\000l\000d\000i\000n\000g\000\040\000a\000n\000o\000m\000a\000l\000y\000\040\000d\000e\000t\000e\000c\000t\000i\000o\000n\000\040\000a\000l\000g\000o\000r\000i\000t\000h\000m}{section.118}% 62
\BOOKMARK [3][-]{section*.121}{\376\377\000S\000t\000e\000p\000\040\000o\000n\000e}{subsection.120}% 63
\BOOKMARK [3][-]{section*.122}{\376\377\000S\000t\000e\000p\000\040\000t\000w\000o}{subsection.120}% 64
\BOOKMARK [3][-]{section*.126}{\376\377\000T\000h\000i\000r\000d\000\040\000s\000t\000e\000p}{subsection.120}% 65
\BOOKMARK [3][-]{section*.133}{\376\377\000S\000t\000e\000p\000\040\000f\000o\000u\000r}{subsection.120}% 66
\BOOKMARK [3][-]{section*.141}{\376\377\000S\000t\000e\000p\000\040\000f\000i\000v\000e}{subsection.120}% 67
\BOOKMARK [2][-]{subsection.142}{\376\377\000T\000o\000o\000l\000s\000\040\000u\000s\000e\000d}{section.118}% 68
\BOOKMARK [2][-]{subsection.143}{\376\377\000D\000a\000t\000a\000s\000e\000t\000s\000\040\000a\000n\000d\000\040\000e\000v\000a\000l\000u\000a\000t\000i\000o\000n}{section.118}% 69
\BOOKMARK [3][-]{section*.144}{\376\377\000R\000E\000F\000I\000T}{subsection.143}% 70
\BOOKMARK [3][-]{section*.146}{\376\377\000U\000K\000-\000D\000A\000L\000E}{subsection.143}% 71
\BOOKMARK [3][-]{section*.148}{\376\377\000E\000C\000O}{subsection.143}% 72
\BOOKMARK [2][-]{subsection.150}{\376\377\000T\000h\000e\000\040\000m\000e\000t\000r\000i\000c\000\040\000-\000\040\000r\000o\000u\000t\000i\000n\000e\000\040\000r\000a\000t\000e}{section.118}% 73
\BOOKMARK [1][-]{section.151}{\376\377\000R\000e\000s\000u\000l\000t\000s}{chapter.116}% 74
\BOOKMARK [2][-]{subsection.152}{\376\377\000T\000h\000e\000\040\000r\000o\000u\000t\000i\000n\000e\000\040\000r\000a\000t\000e\000\040\000o\000v\000e\000r\000\040\000a\000\040\000p\000e\000r\000i\000o\000d\000\040\000o\000f\000\040\000t\000i\000m\000e}{section.151}% 75
\BOOKMARK [3][-]{section*.153}{\376\377\000T\000h\000e\000\040\000r\000o\000u\000t\000i\000n\000e\000\040\000r\000a\000t\000e\000\040\000t\000h\000r\000o\000u\000g\000h\000\040\000t\000h\000e\000\040\000w\000e\000e\000k}{subsection.152}% 76
\BOOKMARK [2][-]{subsection.155}{\376\377\000R\000o\000u\000t\000i\000n\000e\000\040\000r\000a\000t\000e\000\040\000t\000h\000r\000o\000u\000g\000h\000\040\000a\000\040\000y\000e\000a\000r}{section.151}% 77
\BOOKMARK [2][-]{subsection.157}{\376\377\000E\000f\000f\000e\000c\000t\000i\000v\000e\000n\000e\000s\000s\000\040\000o\000f\000\040\000a\000n\000o\000m\000a\000l\000y\000\040\000d\000e\000t\000e\000c\000t\000i\000o\000n\000\040\000t\000h\000r\000o\000u\000g\000h\000\040\000t\000h\000e\000\040\000d\000a\000y}{section.151}% 78
\BOOKMARK [3][-]{section*.160}{\376\377\000T\000h\000e\000\040\000a\000n\000o\000m\000a\000l\000y\000\040\000d\000e\000t\000e\000c\000t\000i\000o\000n\000\040\000d\000u\000r\000i\000n\000g\000\040\000t\000h\000e\000\040\000n\000i\000g\000h\000t}{subsection.157}% 79
\BOOKMARK [2][-]{subsection.161}{\376\377\000P\000e\000r\000-\000b\000u\000i\000l\000d\000i\000n\000g\000\040\000r\000e\000s\000u\000l\000t\000s}{section.151}% 80
\BOOKMARK [3][-]{section*.162}{\376\377\000R\000E\000F\000I\000T}{subsection.161}% 81
\BOOKMARK [3][-]{section*.167}{\376\377\000U\000K\000-\000D\000A\000L\000E}{subsection.161}% 82
\BOOKMARK [3][-]{section*.170}{\376\377\000E\000C\000O}{subsection.161}% 83
\BOOKMARK [2][-]{subsection.173}{\376\377\000C\000o\000m\000b\000i\000n\000e\000d\000\040\000r\000e\000s\000u\000l\000t\000s}{section.151}% 84
\BOOKMARK [1][-]{section.175}{\376\377\000D\000i\000s\000c\000u\000s\000s\000i\000o\000n}{chapter.116}% 85
\BOOKMARK [1][-]{section.176}{\376\377\000I\000t\000e\000r\000a\000t\000i\000v\000e\000\040\000l\000e\000a\000r\000n\000i\000n\000g\000\040\000s\000y\000s\000t\000e\000m}{chapter.116}% 86
\BOOKMARK [2][-]{subsection.177}{\376\377\000M\000e\000t\000h\000o\000d\000o\000l\000o\000g\000y}{section.176}% 87
\BOOKMARK [3][-]{section*.178}{\376\377\000D\000a\000t\000a\000\040\000p\000r\000e\000p\000a\000r\000a\000t\000i\000o\000n}{subsection.177}% 88
\BOOKMARK [2][-]{subsection.183}{\376\377\000R\000e\000s\000u\000l\000t\000s}{section.176}% 89
\BOOKMARK [2][-]{subsection.186}{\376\377\000D\000i\000s\000c\000u\000s\000s\000i\000o\000n}{section.176}% 90
\BOOKMARK [2][-]{subsection.187}{\376\377\000C\000o\000n\000c\000l\000u\000s\000i\000o\000n}{section.176}% 91
\BOOKMARK [0][-]{chapter.188}{\376\377\000C\000o\000n\000c\000l\000u\000s\000i\000o\000n}{}% 92
\BOOKMARK [0][-]{chapter*.189}{\376\377\000B\000i\000b\000l\000i\000o\000g\000r\000a\000p\000h\000y}{}% 93
