\BOOKMARK [0][-]{section*.1}{\376\377\000D\000e\000c\000l\000a\000r\000a\000t\000i\000o\000n\000\040\000o\000f\000\040\000A\000u\000t\000h\000o\000r\000s\000h\000i\000p}{}% 1
\BOOKMARK [0][-]{chapter.2}{\376\377\000I\000n\000t\000r\000o\000d\000u\000c\000t\000i\000o\000n}{}% 2
\BOOKMARK [0][-]{chapter.3}{\376\377\000D\000e\000f\000i\000n\000i\000t\000i\000o\000n\000s}{}% 3
\BOOKMARK [0][-]{chapter.5}{\376\377\000R\000e\000l\000a\000t\000e\000d\000\040\000w\000o\000r\000k}{}% 4
\BOOKMARK [1][-]{section.6}{\376\377\000L\000o\000a\000d\000\040\000p\000r\000o\000f\000i\000l\000i\000n\000g}{chapter.5}% 5
\BOOKMARK [1][-]{section.8}{\376\377\000A\000n\000o\000m\000a\000l\000y\000\040\000d\000e\000t\000e\000c\000t\000i\000o\000n\000\040\000i\000n\000\040\000b\000u\000i\000l\000d\000i\000n\000g\000\040\000e\000n\000e\000r\000g\000y\000\040\000c\000o\000n\000s\000u\000m\000p\000t\000i\000o\000n\000\040\000d\000a\000t\000a}{chapter.5}% 6
\BOOKMARK [1][-]{section.9}{\376\377\000T\000a\000b\000l\000e\000\040\000o\000f\000\040\000p\000r\000o\000f\000i\000l\000e\000s}{chapter.5}% 7
\BOOKMARK [2][-]{subsection.10}{\376\377\000F\000e\000a\000t\000u\000r\000e\000\040\000s\000e\000t}{section.9}% 8
\BOOKMARK [2][-]{subsection.11}{\376\377\000G\000e\000n\000e\000r\000a\000l\000\040\000t\000a\000b\000l\000e}{section.9}% 9
\BOOKMARK [2][-]{subsection.13}{\376\377\000D\000e\000t\000a\000i\000l\000e\000d\000\040\000t\000a\000b\000l\000e}{section.9}% 10
\BOOKMARK [3][-]{section*.14}{\376\377\000S\000u\000b\000-\000f\000e\000a\000t\000u\000r\000e\000s}{subsection.13}% 11
\BOOKMARK [3][-]{section*.15}{\376\377\000S\000k\000e\000t\000c\000h\000e\000s\000\040\000o\000f\000\040\000l\000o\000a\000d\000\040\000p\000r\000o\000f\000i\000l\000e\000s}{subsection.13}% 12
\BOOKMARK [2][-]{subsection.22}{\376\377\000T\000a\000b\000l\000e\000\040\000o\000f\000\040\000c\000o\000m\000b\000i\000n\000a\000t\000i\000o\000n\000s\000\040\000o\000r\000\040\000d\000e\000t\000a\000i\000l\000e\000d\000\040\000t\000a\000b\000l\000e}{section.9}% 13
\BOOKMARK [2][-]{subsection.24}{\376\377\000M\000a\000p\000p\000i\000n\000g\000\040\000r\000e\000f\000e\000r\000e\000n\000c\000e\000s\000\040\000t\000o\000\040\000t\000h\000e\000\040\000t\000a\000b\000l\000e\000\040\000o\000f\000\040\000p\000r\000o\000f\000i\000l\000e\000s}{section.9}% 14
\BOOKMARK [2][-]{subsection.26}{\376\377\000M\000a\000p\000p\000i\000n\000g\000\040\000u\000s\000e\000-\000c\000a\000s\000e\000s\000\040\000t\000o\000\040\000t\000h\000e\000\040\000t\000a\000b\000l\000e\000\040\000o\000f\000\040\000c\000o\000m\000b\000i\000n\000a\000t\000i\000o\000n\000s}{section.9}% 15
\BOOKMARK [2][-]{subsection.28}{\376\377\000T\000a\000b\000l\000e\000\040\000o\000f\000\040\000u\000s\000e\000\040\000c\000a\000s\000e\000\040\000g\000r\000o\000u\000p\000s}{section.9}% 16
\BOOKMARK [2][-]{subsection.31}{\376\377\000T\000a\000b\000l\000e\000\040\000o\000f\000\040\000l\000o\000a\000d\000\040\000p\000r\000o\000f\000i\000l\000e\000\040\000p\000o\000t\000e\000n\000t\000i\000a\000l\000s}{section.9}% 17
\BOOKMARK [2][-]{subsection.33}{\376\377\000T\000a\000b\000l\000e\000\040\000o\000f\000\040\000p\000o\000s\000s\000i\000b\000l\000e\000\040\000f\000u\000t\000u\000r\000e\000\040\000r\000e\000s\000e\000a\000r\000c\000h\000\040\000d\000i\000r\000e\000c\000t\000i\000o\000n\000s}{section.9}% 18
\BOOKMARK [0][-]{chapter.36}{\376\377\000P\000o\000s\000s\000i\000b\000l\000e\000\040\000u\000s\000e\000\040\000c\000a\000s\000e\000s}{}% 19
\BOOKMARK [1][-]{section.37}{\376\377\000E\000n\000e\000r\000g\000y\000\040\000s\000a\000v\000i\000n\000g}{chapter.36}% 20
\BOOKMARK [1][-]{section.38}{\376\377\000G\000r\000i\000d\000\040\000m\000a\000n\000a\000g\000e\000m\000e\000n\000t}{chapter.36}% 21
\BOOKMARK [1][-]{section.39}{\376\377\000E\000l\000d\000e\000r\000l\000y\000\040\000c\000a\000r\000e}{chapter.36}% 22
\BOOKMARK [1][-]{section.40}{\376\377\000A\000n\000o\000m\000a\000l\000y\000\040\000d\000e\000t\000e\000c\000t\000i\000o\000n}{chapter.36}% 23
\BOOKMARK [1][-]{section.41}{\376\377\000O\000t\000h\000e\000r}{chapter.36}% 24
\BOOKMARK [0][-]{chapter.42}{\376\377\000C\000o\000n\000t\000r\000i\000b\000u\000t\000i\000o\000n\000s}{}% 25
\BOOKMARK [0][-]{chapter.44}{\376\377\000P\000r\000e\000s\000e\000n\000t\000i\000n\000g\000\040\000p\000r\000o\000p\000o\000s\000e\000d\000\040\000p\000r\000o\000f\000i\000l\000e\000s}{}% 26
\BOOKMARK [1][-]{section.45}{\376\377\000T\000i\000m\000e\000\040\000r\000a\000n\000g\000e\000s}{chapter.44}% 27
\BOOKMARK [1][-]{section.46}{\376\377\000P\000e\000r\000-\000h\000o\000u\000s\000e}{chapter.44}% 28
\BOOKMARK [2][-]{subsection.48}{\376\377\000P\000e\000r\000-\000h\000o\000u\000s\000e\000\040\000t\000w\000o\000-\000d\000i\000m\000e\000n\000s\000i\000o\000n\000a\000l\000\040\000t\000i\000m\000e}{section.46}% 29
\BOOKMARK [1][-]{section.50}{\376\377\000P\000e\000r\000-\000a\000p\000p\000l\000i\000a\000n\000c\000e}{chapter.44}% 30
\BOOKMARK [2][-]{subsection.56}{\376\377\000T\000w\000o\000-\000d\000i\000m\000e\000n\000s\000i\000o\000n\000a\000l\000\040\000t\000i\000m\000e\000\040\000p\000e\000r\000-\000a\000p\000p\000l\000i\000a\000n\000c\000e\000\040\000l\000o\000a\000d\000\040\000p\000r\000o\000f\000i\000l\000e\000s}{section.50}% 31
\BOOKMARK [3][-]{section*.58}{\376\377\000O\000t\000h\000e\000r\000\040\000t\000w\000o\000-\000d\000i\000m\000e\000n\000s\000i\000o\000n\000a\000l\000\040\000p\000r\000e\000s\000e\000n\000t\000a\000t\000i\000o\000n\000s}{subsection.56}% 32
\BOOKMARK [1][-]{section.61}{\376\377\000P\000e\000r\000-\000h\000o\000u\000s\000e\000\040\000p\000e\000r\000-\000a\000p\000p\000l\000i\000a\000n\000c\000e}{chapter.44}% 33
\BOOKMARK [0][-]{chapter*.65}{\376\377\000B\000i\000b\000l\000i\000o\000g\000r\000a\000p\000h\000y}{}% 34
